The system is: Linux - 3.10.0-693.21.1.el7.x86_64 - x86_64
Compiling the C compiler identification source file "CMakeCCompilerId.c" succeeded.
Compiler: /n/sw/intel-cluster-studio-2017/compilers_and_libraries_2017.4.196/linux/bin/intel64/icc 
Build flags: 
Id flags: 

The output was:
0


Compilation of the C compiler identification source "CMakeCCompilerId.c" produced "a.out"

The C compiler identification is Intel, found in "/n/home02/zzhu/leo2d/realspace/CMakeFiles/2.8.12.2/CompilerIdC/a.out"

Compiling the CXX compiler identification source file "CMakeCXXCompilerId.cpp" succeeded.
Compiler: /n/sw/intel-cluster-studio-2017/compilers_and_libraries_2017.4.196/linux/bin/intel64/icpc 
Build flags: 
Id flags: 

The output was:
0


Compilation of the CXX compiler identification source "CMakeCXXCompilerId.cpp" produced "a.out"

The CXX compiler identification is Intel, found in "/n/home02/zzhu/leo2d/realspace/CMakeFiles/2.8.12.2/CompilerIdCXX/a.out"

Determining if the C compiler works passed with the following output:
Change Dir: /n/home02/zzhu/leo2d/realspace/CMakeFiles/CMakeTmp

Run Build Command:/usr/bin/gmake "cmTryCompileExec3636594596/fast"
/usr/bin/gmake -f CMakeFiles/cmTryCompileExec3636594596.dir/build.make CMakeFiles/cmTryCompileExec3636594596.dir/build
gmake[1]: Entering directory `/n/home02/zzhu/leo2d/realspace/CMakeFiles/CMakeTmp'
/usr/bin/cmake -E cmake_progress_report /n/home02/zzhu/leo2d/realspace/CMakeFiles/CMakeTmp/CMakeFiles 1
Building C object CMakeFiles/cmTryCompileExec3636594596.dir/testCCompiler.c.o
/n/sw/intel-cluster-studio-2017/compilers_and_libraries_2017.4.196/linux/bin/intel64/icc    -o CMakeFiles/cmTryCompileExec3636594596.dir/testCCompiler.c.o   -c /n/home02/zzhu/leo2d/realspace/CMakeFiles/CMakeTmp/testCCompiler.c
Linking C executable cmTryCompileExec3636594596
/usr/bin/cmake -E cmake_link_script CMakeFiles/cmTryCompileExec3636594596.dir/link.txt --verbose=1
/n/sw/intel-cluster-studio-2017/compilers_and_libraries_2017.4.196/linux/bin/intel64/icc       CMakeFiles/cmTryCompileExec3636594596.dir/testCCompiler.c.o  -o cmTryCompileExec3636594596 -rdynamic 
gmake[1]: Leaving directory `/n/home02/zzhu/leo2d/realspace/CMakeFiles/CMakeTmp'


Detecting C compiler ABI info compiled with the following output:
Change Dir: /n/home02/zzhu/leo2d/realspace/CMakeFiles/CMakeTmp

Run Build Command:/usr/bin/gmake "cmTryCompileExec4080139758/fast"
/usr/bin/gmake -f CMakeFiles/cmTryCompileExec4080139758.dir/build.make CMakeFiles/cmTryCompileExec4080139758.dir/build
gmake[1]: Entering directory `/n/home02/zzhu/leo2d/realspace/CMakeFiles/CMakeTmp'
/usr/bin/cmake -E cmake_progress_report /n/home02/zzhu/leo2d/realspace/CMakeFiles/CMakeTmp/CMakeFiles 1
Building C object CMakeFiles/cmTryCompileExec4080139758.dir/CMakeCCompilerABI.c.o
/n/sw/intel-cluster-studio-2017/compilers_and_libraries_2017.4.196/linux/bin/intel64/icc    -o CMakeFiles/cmTryCompileExec4080139758.dir/CMakeCCompilerABI.c.o   -c /usr/share/cmake/Modules/CMakeCCompilerABI.c
Linking C executable cmTryCompileExec4080139758
/usr/bin/cmake -E cmake_link_script CMakeFiles/cmTryCompileExec4080139758.dir/link.txt --verbose=1
/n/sw/intel-cluster-studio-2017/compilers_and_libraries_2017.4.196/linux/bin/intel64/icc     -v CMakeFiles/cmTryCompileExec4080139758.dir/CMakeCCompilerABI.c.o  -o cmTryCompileExec4080139758 -rdynamic  
icc version 17.0.4 (gcc version 4.8.5 compatibility)
/n/sw/intel-cluster-studio-2017/compilers_and_libraries_2017.4.196/linux/bin/intel64/mcpcom    -mGLOB_em64t=TRUE -mP1OPT_version=17.0-intel64 -mGLOB_diag_file=CMakeFiles/cmTryCompileExec4080139758.dir/CMakeCCompilerABI.c.diag -mGLOB_long_size_64 -mGLOB_routine_pointer_size_64 -mP1OPT_print_version=FALSE -mCG_use_gas_got_workaround=F -mP2OPT_align_option_used=TRUE -mGLOB_gcc_version=485 "-mGLOB_options_string=-v -o cmTryCompileExec4080139758 -rdynamic" -mGLOB_cxx_limited_range=FALSE -mCG_extend_parms=FALSE -mGLOB_compiler_bin_directory=/n/sw/intel-cluster-studio-2017/compilers_and_libraries_2017.4.196/linux/bin/intel64 -mGLOB_as_output_backup_file_name=/tmp/iccmMKKq3as_.s -mGLOB_dashboard_use_source_name -mIPOPT_activate -mGLOB_product_id_code=0x22006d91 -mP3OPT_use_mspp_call_convention -mP2OPT_subs_out_of_bound=FALSE -mP2OPT_disam_type_based_disam=2 -mP2OPT_disam_assume_ansi_c -mP2OPT_checked_disam_ansi_alias=TRUE -mGLOB_ansi_alias -mPGOPTI_value_profile_use=T -mGLOB_opt_report_use_source_name -mP2OPT_il0_array_sections=TRUE -mGLOB_offload_mode=1 -mP2OPT_offload_unique_var_string=icc0654958927DPqCNE -mP2OPT_hlo -mP2OPT_hpo_rtt_control=0 -mIPOPT_args_in_regs=0 -mP2OPT_disam_assume_nonstd_intent_in=FALSE -mGLOB_imf_mapping_library=/n/sw/intel-cluster-studio-2017/compilers_and_libraries_2017.4.196/linux/bin/intel64/libiml_attr.so -mPGOPTI_gen_threadsafe_level=0 -mIPOPT_link -mIPOPT_ipo_activate -mIPOPT_mo_activate -mIPOPT_source_files_list=/tmp/iccslis9XbPip -mIPOPT_mo_global_data -mIPOPT_link_script_file=/tmp/iccscriptrzYA0h "-mIPOPT_cmdline_link="/usr/lib/gcc/x86_64-redhat-linux/4.8.5/../../../../lib64/crt1.o" "/usr/lib/gcc/x86_64-redhat-linux/4.8.5/../../../../lib64/crti.o" "/usr/lib/gcc/x86_64-redhat-linux/4.8.5/crtbegin.o" "-export-dynamic" "--eh-frame-hdr" "--build-id" "-dynamic-linker" "/lib64/ld-linux-x86-64.so.2" "-m" "elf_x86_64" "-o" "cmTryCompileExec4080139758" "-L/n/sw/intel-cluster-studio-2017/mkl/lib/intel64" "-L/n/helmod/apps/centos7/MPI/intel/17.0.4-fasrc01/impi/2017.2.174-fasrc01/fftw/3.3.7-fasrc04/lib64" "-L/n/sw/intel-cluster-studio-2017/impi/2017.2.174/intel64/lib" "-L/n/sw/intel-cluster-studio-2017/tbb/lib/intel64" "-L/n/sw/intel-cluster-studio-2017/compilers_and_libraries_2017.4.196/linux/compiler/lib/intel64" "-L/n/helmod/apps/centos7/Core/mpfr/3.1.5-fasrc01/lib64" "-L/n/helmod/apps/centos7/Core/pcre2/10.31-fasrc01/lib" "-L/n/helmod/apps/centos7/Core/gmp/6.1.2-fasrc01/lib64" "-L/n/sw/intel-cluster-studio-2017/compilers_and_libraries_2017.4.196/linux/compiler/lib/intel64_lin" "-L/n/helmod/apps/centos7/MPI/intel/17.0.4-fasrc01/impi/2017.2.174-fasrc01/fftw/3.3.7-fasrc04/lib64/../lib64" "-L/n/helmod/apps/centos7/MPI/intel/17.0.4-fasrc01/impi/2017.2.174-fasrc01/fftw/3.3.7-fasrc04/lib64/../lib64/" "-L/n/helmod/apps/centos7/Core/mpfr/3.1.5-fasrc01/lib64/../lib64" "-L/n/helmod/apps/centos7/Core/mpfr/3.1.5-fasrc01/lib64/../lib64/" "-L/n/helmod/apps/centos7/Core/gmp/6.1.2-fasrc01/lib64/../lib64" "-L/n/helmod/apps/centos7/Core/gmp/6.1.2-fasrc01/lib64/../lib64/" "-L/usr/lib/gcc/x86_64-redhat-linux/4.8.5/" "-L/usr/lib/gcc/x86_64-redhat-linux/4.8.5/../../../../lib64" "-L/usr/lib/gcc/x86_64-redhat-linux/4.8.5/../../../../lib64/" "-L/lib/../lib64" "-L/lib/../lib64/" "-L/usr/lib/../lib64" "-L/usr/lib/../lib64/" "-L/n/sw/intel-cluster-studio-2017/mkl/lib/intel64/" "-L/n/helmod/apps/centos7/MPI/intel/17.0.4-fasrc01/impi/2017.2.174-fasrc01/fftw/3.3.7-fasrc04/lib64" "-L/n/helmod/apps/centos7/MPI/intel/17.0.4-fasrc01/impi/2017.2.174-fasrc01/fftw/3.3.7-fasrc04/lib64/" "-L/n/sw/intel-cluster-studio-2017/impi/2017.2.174/intel64/lib/" "-L/n/sw/intel-cluster-studio-2017/tbb/lib/intel64/" "-L/n/sw/intel-cluster-studio-2017/compilers_and_libraries_2017.4.196/linux/compiler/lib/intel64/" "-L/n/helmod/apps/centos7/Core/mpfr/3.1.5-fasrc01/lib64" "-L/n/helmod/apps/centos7/Core/mpfr/3.1.5-fasrc01/lib64/" "-L/n/helmod/apps/centos7/Core/pcre2/10.31-fasrc01/lib/" "-L/n/helmod/apps/centos7/Core/gmp/6.1.2-fasrc01/lib64" "-L/n/helmod/apps/centos7/Core/gmp/6.1.2-fasrc01/lib64/" "-L/usr/lib/gcc/x86_64-redhat-linux/4.8.5/../../../" "-L/lib64" "-L/lib/" "-L/usr/lib64" "-L/usr/lib" "CMakeFiles/cmTryCompileExec4080139758.dir/CMakeCCompilerABI.c.o" "-Bdynamic" "-Bstatic" "-limf" "-lsvml" "-lirng" "-Bdynamic" "-lm" "-Bstatic" "-lipgo" "-ldecimal" "--as-needed" "-Bdynamic" "-lcilkrts" "-lstdc++" "--no-as-needed" "-lgcc" "-lgcc_s" "-Bstatic" "-lirc" "-lsvml" "-Bdynamic" "-lc" "-lgcc" "-lgcc_s" "-Bstatic" "-lirc_s" "-Bdynamic" "-ldl" "-lc" "/usr/lib/gcc/x86_64-redhat-linux/4.8.5/crtend.o" "/usr/lib/gcc/x86_64-redhat-linux/4.8.5/../../../../lib64/crtn.o"" -mIPOPT_il_in_obj -mIPOPT_ipo_activate_warn=FALSE -mIPOPT_obj_output_file_name=/tmp/ipo_icc4nwg46.o -mIPOPT_whole_archive_fixup_file_name=/tmp/iccwarcha1l5AH -mGLOB_linker_version=2.25.1 -mGLOB_driver_tempfile_name=/tmp/icctempfileUB9nkA -mP3OPT_asm_target=P3OPT_ASM_TARGET_GAS -mGLOB_async_unwind_tables=TRUE -mGLOB_obj_output_file=/tmp/ipo_icc4nwg46.o -mGLOB_source_dialect=GLOB_SOURCE_DIALECT_NONE -mP1OPT_source_file_name=ipo_out.c CMakeFiles/cmTryCompileExec4080139758.dir/CMakeCCompilerABI.c.o -mIPOPT_object_files=T -mIPOPT_assembly_files=/tmp/iccalisnCbMtS -mIPOPT_generated_tempfiles=/tmp/iccelisB4cxbL -mIPOPT_embedded_object_base_name=/tmp/icceobjfqoiTD -mIPOPT_cmdline_link_new_name=/tmp/iccllisijJ3Aw
ld    /usr/lib/gcc/x86_64-redhat-linux/4.8.5/../../../../lib64/crt1.o /usr/lib/gcc/x86_64-redhat-linux/4.8.5/../../../../lib64/crti.o /usr/lib/gcc/x86_64-redhat-linux/4.8.5/crtbegin.o -export-dynamic --eh-frame-hdr --build-id -dynamic-linker /lib64/ld-linux-x86-64.so.2 -m elf_x86_64 -o cmTryCompileExec4080139758 -L/n/sw/intel-cluster-studio-2017/mkl/lib/intel64 -L/n/helmod/apps/centos7/MPI/intel/17.0.4-fasrc01/impi/2017.2.174-fasrc01/fftw/3.3.7-fasrc04/lib64 -L/n/sw/intel-cluster-studio-2017/impi/2017.2.174/intel64/lib -L/n/sw/intel-cluster-studio-2017/tbb/lib/intel64 -L/n/sw/intel-cluster-studio-2017/compilers_and_libraries_2017.4.196/linux/compiler/lib/intel64 -L/n/helmod/apps/centos7/Core/mpfr/3.1.5-fasrc01/lib64 -L/n/helmod/apps/centos7/Core/pcre2/10.31-fasrc01/lib -L/n/helmod/apps/centos7/Core/gmp/6.1.2-fasrc01/lib64 -L/n/sw/intel-cluster-studio-2017/compilers_and_libraries_2017.4.196/linux/compiler/lib/intel64_lin -L/n/helmod/apps/centos7/MPI/intel/17.0.4-fasrc01/impi/2017.2.174-fasrc01/fftw/3.3.7-fasrc04/lib64/../lib64 -L/n/helmod/apps/centos7/MPI/intel/17.0.4-fasrc01/impi/2017.2.174-fasrc01/fftw/3.3.7-fasrc04/lib64/../lib64/ -L/n/helmod/apps/centos7/Core/mpfr/3.1.5-fasrc01/lib64/../lib64 -L/n/helmod/apps/centos7/Core/mpfr/3.1.5-fasrc01/lib64/../lib64/ -L/n/helmod/apps/centos7/Core/gmp/6.1.2-fasrc01/lib64/../lib64 -L/n/helmod/apps/centos7/Core/gmp/6.1.2-fasrc01/lib64/../lib64/ -L/usr/lib/gcc/x86_64-redhat-linux/4.8.5/ -L/usr/lib/gcc/x86_64-redhat-linux/4.8.5/../../../../lib64 -L/usr/lib/gcc/x86_64-redhat-linux/4.8.5/../../../../lib64/ -L/lib/../lib64 -L/lib/../lib64/ -L/usr/lib/../lib64 -L/usr/lib/../lib64/ -L/n/sw/intel-cluster-studio-2017/mkl/lib/intel64/ -L/n/helmod/apps/centos7/MPI/intel/17.0.4-fasrc01/impi/2017.2.174-fasrc01/fftw/3.3.7-fasrc04/lib64 -L/n/helmod/apps/centos7/MPI/intel/17.0.4-fasrc01/impi/2017.2.174-fasrc01/fftw/3.3.7-fasrc04/lib64/ -L/n/sw/intel-cluster-studio-2017/impi/2017.2.174/intel64/lib/ -L/n/sw/intel-cluster-studio-2017/tbb/lib/intel64/ -L/n/sw/intel-cluster-studio-2017/compilers_and_libraries_2017.4.196/linux/compiler/lib/intel64/ -L/n/helmod/apps/centos7/Core/mpfr/3.1.5-fasrc01/lib64 -L/n/helmod/apps/centos7/Core/mpfr/3.1.5-fasrc01/lib64/ -L/n/helmod/apps/centos7/Core/pcre2/10.31-fasrc01/lib/ -L/n/helmod/apps/centos7/Core/gmp/6.1.2-fasrc01/lib64 -L/n/helmod/apps/centos7/Core/gmp/6.1.2-fasrc01/lib64/ -L/usr/lib/gcc/x86_64-redhat-linux/4.8.5/../../../ -L/lib64 -L/lib/ -L/usr/lib64 -L/usr/lib CMakeFiles/cmTryCompileExec4080139758.dir/CMakeCCompilerABI.c.o -Bdynamic -Bstatic -limf -lsvml -lirng -Bdynamic -lm -Bstatic -lipgo -ldecimal --as-needed -Bdynamic -lcilkrts -lstdc++ --no-as-needed -lgcc -lgcc_s -Bstatic -lirc -lsvml -Bdynamic -lc -lgcc -lgcc_s -Bstatic -lirc_s -Bdynamic -ldl -lc /usr/lib/gcc/x86_64-redhat-linux/4.8.5/crtend.o /usr/lib/gcc/x86_64-redhat-linux/4.8.5/../../../../lib64/crtn.o
gmake[1]: Leaving directory `/n/home02/zzhu/leo2d/realspace/CMakeFiles/CMakeTmp'


Parsed C implicit link information from above output:
  link line regex: [^( *|.*[/\])(ld|([^/\]+-)?ld|collect2)[^/\]*( |$)]
  ignore line: [Change Dir: /n/home02/zzhu/leo2d/realspace/CMakeFiles/CMakeTmp]
  ignore line: []
  ignore line: [Run Build Command:/usr/bin/gmake "cmTryCompileExec4080139758/fast"]
  ignore line: [/usr/bin/gmake -f CMakeFiles/cmTryCompileExec4080139758.dir/build.make CMakeFiles/cmTryCompileExec4080139758.dir/build]
  ignore line: [gmake[1]: Entering directory `/n/home02/zzhu/leo2d/realspace/CMakeFiles/CMakeTmp']
  ignore line: [/usr/bin/cmake -E cmake_progress_report /n/home02/zzhu/leo2d/realspace/CMakeFiles/CMakeTmp/CMakeFiles 1]
  ignore line: [Building C object CMakeFiles/cmTryCompileExec4080139758.dir/CMakeCCompilerABI.c.o]
  ignore line: [/n/sw/intel-cluster-studio-2017/compilers_and_libraries_2017.4.196/linux/bin/intel64/icc    -o CMakeFiles/cmTryCompileExec4080139758.dir/CMakeCCompilerABI.c.o   -c /usr/share/cmake/Modules/CMakeCCompilerABI.c]
  ignore line: [Linking C executable cmTryCompileExec4080139758]
  ignore line: [/usr/bin/cmake -E cmake_link_script CMakeFiles/cmTryCompileExec4080139758.dir/link.txt --verbose=1]
  ignore line: [/n/sw/intel-cluster-studio-2017/compilers_and_libraries_2017.4.196/linux/bin/intel64/icc     -v CMakeFiles/cmTryCompileExec4080139758.dir/CMakeCCompilerABI.c.o  -o cmTryCompileExec4080139758 -rdynamic  ]
  ignore line: [icc version 17.0.4 (gcc version 4.8.5 compatibility)]
  ignore line: [/n/sw/intel-cluster-studio-2017/compilers_and_libraries_2017.4.196/linux/bin/intel64/mcpcom    -mGLOB_em64t=TRUE -mP1OPT_version=17.0-intel64 -mGLOB_diag_file=CMakeFiles/cmTryCompileExec4080139758.dir/CMakeCCompilerABI.c.diag -mGLOB_long_size_64 -mGLOB_routine_pointer_size_64 -mP1OPT_print_version=FALSE -mCG_use_gas_got_workaround=F -mP2OPT_align_option_used=TRUE -mGLOB_gcc_version=485 "-mGLOB_options_string=-v -o cmTryCompileExec4080139758 -rdynamic" -mGLOB_cxx_limited_range=FALSE -mCG_extend_parms=FALSE -mGLOB_compiler_bin_directory=/n/sw/intel-cluster-studio-2017/compilers_and_libraries_2017.4.196/linux/bin/intel64 -mGLOB_as_output_backup_file_name=/tmp/iccmMKKq3as_.s -mGLOB_dashboard_use_source_name -mIPOPT_activate -mGLOB_product_id_code=0x22006d91 -mP3OPT_use_mspp_call_convention -mP2OPT_subs_out_of_bound=FALSE -mP2OPT_disam_type_based_disam=2 -mP2OPT_disam_assume_ansi_c -mP2OPT_checked_disam_ansi_alias=TRUE -mGLOB_ansi_alias -mPGOPTI_value_profile_use=T -mGLOB_opt_report_use_source_name -mP2OPT_il0_array_sections=TRUE -mGLOB_offload_mode=1 -mP2OPT_offload_unique_var_string=icc0654958927DPqCNE -mP2OPT_hlo -mP2OPT_hpo_rtt_control=0 -mIPOPT_args_in_regs=0 -mP2OPT_disam_assume_nonstd_intent_in=FALSE -mGLOB_imf_mapping_library=/n/sw/intel-cluster-studio-2017/compilers_and_libraries_2017.4.196/linux/bin/intel64/libiml_attr.so -mPGOPTI_gen_threadsafe_level=0 -mIPOPT_link -mIPOPT_ipo_activate -mIPOPT_mo_activate -mIPOPT_source_files_list=/tmp/iccslis9XbPip -mIPOPT_mo_global_data -mIPOPT_link_script_file=/tmp/iccscriptrzYA0h "-mIPOPT_cmdline_link="/usr/lib/gcc/x86_64-redhat-linux/4.8.5/../../../../lib64/crt1.o" "/usr/lib/gcc/x86_64-redhat-linux/4.8.5/../../../../lib64/crti.o" "/usr/lib/gcc/x86_64-redhat-linux/4.8.5/crtbegin.o" "-export-dynamic" "--eh-frame-hdr" "--build-id" "-dynamic-linker" "/lib64/ld-linux-x86-64.so.2" "-m" "elf_x86_64" "-o" "cmTryCompileExec4080139758" "-L/n/sw/intel-cluster-studio-2017/mkl/lib/intel64" "-L/n/helmod/apps/centos7/MPI/intel/17.0.4-fasrc01/impi/2017.2.174-fasrc01/fftw/3.3.7-fasrc04/lib64" "-L/n/sw/intel-cluster-studio-2017/impi/2017.2.174/intel64/lib" "-L/n/sw/intel-cluster-studio-2017/tbb/lib/intel64" "-L/n/sw/intel-cluster-studio-2017/compilers_and_libraries_2017.4.196/linux/compiler/lib/intel64" "-L/n/helmod/apps/centos7/Core/mpfr/3.1.5-fasrc01/lib64" "-L/n/helmod/apps/centos7/Core/pcre2/10.31-fasrc01/lib" "-L/n/helmod/apps/centos7/Core/gmp/6.1.2-fasrc01/lib64" "-L/n/sw/intel-cluster-studio-2017/compilers_and_libraries_2017.4.196/linux/compiler/lib/intel64_lin" "-L/n/helmod/apps/centos7/MPI/intel/17.0.4-fasrc01/impi/2017.2.174-fasrc01/fftw/3.3.7-fasrc04/lib64/../lib64" "-L/n/helmod/apps/centos7/MPI/intel/17.0.4-fasrc01/impi/2017.2.174-fasrc01/fftw/3.3.7-fasrc04/lib64/../lib64/" "-L/n/helmod/apps/centos7/Core/mpfr/3.1.5-fasrc01/lib64/../lib64" "-L/n/helmod/apps/centos7/Core/mpfr/3.1.5-fasrc01/lib64/../lib64/" "-L/n/helmod/apps/centos7/Core/gmp/6.1.2-fasrc01/lib64/../lib64" "-L/n/helmod/apps/centos7/Core/gmp/6.1.2-fasrc01/lib64/../lib64/" "-L/usr/lib/gcc/x86_64-redhat-linux/4.8.5/" "-L/usr/lib/gcc/x86_64-redhat-linux/4.8.5/../../../../lib64" "-L/usr/lib/gcc/x86_64-redhat-linux/4.8.5/../../../../lib64/" "-L/lib/../lib64" "-L/lib/../lib64/" "-L/usr/lib/../lib64" "-L/usr/lib/../lib64/" "-L/n/sw/intel-cluster-studio-2017/mkl/lib/intel64/" "-L/n/helmod/apps/centos7/MPI/intel/17.0.4-fasrc01/impi/2017.2.174-fasrc01/fftw/3.3.7-fasrc04/lib64" "-L/n/helmod/apps/centos7/MPI/intel/17.0.4-fasrc01/impi/2017.2.174-fasrc01/fftw/3.3.7-fasrc04/lib64/" "-L/n/sw/intel-cluster-studio-2017/impi/2017.2.174/intel64/lib/" "-L/n/sw/intel-cluster-studio-2017/tbb/lib/intel64/" "-L/n/sw/intel-cluster-studio-2017/compilers_and_libraries_2017.4.196/linux/compiler/lib/intel64/" "-L/n/helmod/apps/centos7/Core/mpfr/3.1.5-fasrc01/lib64" "-L/n/helmod/apps/centos7/Core/mpfr/3.1.5-fasrc01/lib64/" "-L/n/helmod/apps/centos7/Core/pcre2/10.31-fasrc01/lib/" "-L/n/helmod/apps/centos7/Core/gmp/6.1.2-fasrc01/lib64" "-L/n/helmod/apps/centos7/Core/gmp/6.1.2-fasrc01/lib64/" "-L/usr/lib/gcc/x86_64-redhat-linux/4.8.5/../../../" "-L/lib64" "-L/lib/" "-L/usr/lib64" "-L/usr/lib" "CMakeFiles/cmTryCompileExec4080139758.dir/CMakeCCompilerABI.c.o" "-Bdynamic" "-Bstatic" "-limf" "-lsvml" "-lirng" "-Bdynamic" "-lm" "-Bstatic" "-lipgo" "-ldecimal" "--as-needed" "-Bdynamic" "-lcilkrts" "-lstdc++" "--no-as-needed" "-lgcc" "-lgcc_s" "-Bstatic" "-lirc" "-lsvml" "-Bdynamic" "-lc" "-lgcc" "-lgcc_s" "-Bstatic" "-lirc_s" "-Bdynamic" "-ldl" "-lc" "/usr/lib/gcc/x86_64-redhat-linux/4.8.5/crtend.o" "/usr/lib/gcc/x86_64-redhat-linux/4.8.5/../../../../lib64/crtn.o"" -mIPOPT_il_in_obj -mIPOPT_ipo_activate_warn=FALSE -mIPOPT_obj_output_file_name=/tmp/ipo_icc4nwg46.o -mIPOPT_whole_archive_fixup_file_name=/tmp/iccwarcha1l5AH -mGLOB_linker_version=2.25.1 -mGLOB_driver_tempfile_name=/tmp/icctempfileUB9nkA -mP3OPT_asm_target=P3OPT_ASM_TARGET_GAS -mGLOB_async_unwind_tables=TRUE -mGLOB_obj_output_file=/tmp/ipo_icc4nwg46.o -mGLOB_source_dialect=GLOB_SOURCE_DIALECT_NONE -mP1OPT_source_file_name=ipo_out.c CMakeFiles/cmTryCompileExec4080139758.dir/CMakeCCompilerABI.c.o -mIPOPT_object_files=T -mIPOPT_assembly_files=/tmp/iccalisnCbMtS -mIPOPT_generated_tempfiles=/tmp/iccelisB4cxbL -mIPOPT_embedded_object_base_name=/tmp/icceobjfqoiTD -mIPOPT_cmdline_link_new_name=/tmp/iccllisijJ3Aw]
  link line: [ld    /usr/lib/gcc/x86_64-redhat-linux/4.8.5/../../../../lib64/crt1.o /usr/lib/gcc/x86_64-redhat-linux/4.8.5/../../../../lib64/crti.o /usr/lib/gcc/x86_64-redhat-linux/4.8.5/crtbegin.o -export-dynamic --eh-frame-hdr --build-id -dynamic-linker /lib64/ld-linux-x86-64.so.2 -m elf_x86_64 -o cmTryCompileExec4080139758 -L/n/sw/intel-cluster-studio-2017/mkl/lib/intel64 -L/n/helmod/apps/centos7/MPI/intel/17.0.4-fasrc01/impi/2017.2.174-fasrc01/fftw/3.3.7-fasrc04/lib64 -L/n/sw/intel-cluster-studio-2017/impi/2017.2.174/intel64/lib -L/n/sw/intel-cluster-studio-2017/tbb/lib/intel64 -L/n/sw/intel-cluster-studio-2017/compilers_and_libraries_2017.4.196/linux/compiler/lib/intel64 -L/n/helmod/apps/centos7/Core/mpfr/3.1.5-fasrc01/lib64 -L/n/helmod/apps/centos7/Core/pcre2/10.31-fasrc01/lib -L/n/helmod/apps/centos7/Core/gmp/6.1.2-fasrc01/lib64 -L/n/sw/intel-cluster-studio-2017/compilers_and_libraries_2017.4.196/linux/compiler/lib/intel64_lin -L/n/helmod/apps/centos7/MPI/intel/17.0.4-fasrc01/impi/2017.2.174-fasrc01/fftw/3.3.7-fasrc04/lib64/../lib64 -L/n/helmod/apps/centos7/MPI/intel/17.0.4-fasrc01/impi/2017.2.174-fasrc01/fftw/3.3.7-fasrc04/lib64/../lib64/ -L/n/helmod/apps/centos7/Core/mpfr/3.1.5-fasrc01/lib64/../lib64 -L/n/helmod/apps/centos7/Core/mpfr/3.1.5-fasrc01/lib64/../lib64/ -L/n/helmod/apps/centos7/Core/gmp/6.1.2-fasrc01/lib64/../lib64 -L/n/helmod/apps/centos7/Core/gmp/6.1.2-fasrc01/lib64/../lib64/ -L/usr/lib/gcc/x86_64-redhat-linux/4.8.5/ -L/usr/lib/gcc/x86_64-redhat-linux/4.8.5/../../../../lib64 -L/usr/lib/gcc/x86_64-redhat-linux/4.8.5/../../../../lib64/ -L/lib/../lib64 -L/lib/../lib64/ -L/usr/lib/../lib64 -L/usr/lib/../lib64/ -L/n/sw/intel-cluster-studio-2017/mkl/lib/intel64/ -L/n/helmod/apps/centos7/MPI/intel/17.0.4-fasrc01/impi/2017.2.174-fasrc01/fftw/3.3.7-fasrc04/lib64 -L/n/helmod/apps/centos7/MPI/intel/17.0.4-fasrc01/impi/2017.2.174-fasrc01/fftw/3.3.7-fasrc04/lib64/ -L/n/sw/intel-cluster-studio-2017/impi/2017.2.174/intel64/lib/ -L/n/sw/intel-cluster-studio-2017/tbb/lib/intel64/ -L/n/sw/intel-cluster-studio-2017/compilers_and_libraries_2017.4.196/linux/compiler/lib/intel64/ -L/n/helmod/apps/centos7/Core/mpfr/3.1.5-fasrc01/lib64 -L/n/helmod/apps/centos7/Core/mpfr/3.1.5-fasrc01/lib64/ -L/n/helmod/apps/centos7/Core/pcre2/10.31-fasrc01/lib/ -L/n/helmod/apps/centos7/Core/gmp/6.1.2-fasrc01/lib64 -L/n/helmod/apps/centos7/Core/gmp/6.1.2-fasrc01/lib64/ -L/usr/lib/gcc/x86_64-redhat-linux/4.8.5/../../../ -L/lib64 -L/lib/ -L/usr/lib64 -L/usr/lib CMakeFiles/cmTryCompileExec4080139758.dir/CMakeCCompilerABI.c.o -Bdynamic -Bstatic -limf -lsvml -lirng -Bdynamic -lm -Bstatic -lipgo -ldecimal --as-needed -Bdynamic -lcilkrts -lstdc++ --no-as-needed -lgcc -lgcc_s -Bstatic -lirc -lsvml -Bdynamic -lc -lgcc -lgcc_s -Bstatic -lirc_s -Bdynamic -ldl -lc /usr/lib/gcc/x86_64-redhat-linux/4.8.5/crtend.o /usr/lib/gcc/x86_64-redhat-linux/4.8.5/../../../../lib64/crtn.o]
    arg [ld] ==> ignore
    arg [/usr/lib/gcc/x86_64-redhat-linux/4.8.5/../../../../lib64/crt1.o] ==> ignore
    arg [/usr/lib/gcc/x86_64-redhat-linux/4.8.5/../../../../lib64/crti.o] ==> ignore
    arg [/usr/lib/gcc/x86_64-redhat-linux/4.8.5/crtbegin.o] ==> ignore
    arg [-export-dynamic] ==> ignore
    arg [--eh-frame-hdr] ==> ignore
    arg [--build-id] ==> ignore
    arg [-dynamic-linker] ==> ignore
    arg [/lib64/ld-linux-x86-64.so.2] ==> ignore
    arg [-m] ==> ignore
    arg [elf_x86_64] ==> ignore
    arg [-o] ==> ignore
    arg [cmTryCompileExec4080139758] ==> ignore
    arg [-L/n/sw/intel-cluster-studio-2017/mkl/lib/intel64] ==> dir [/n/sw/intel-cluster-studio-2017/mkl/lib/intel64]
    arg [-L/n/helmod/apps/centos7/MPI/intel/17.0.4-fasrc01/impi/2017.2.174-fasrc01/fftw/3.3.7-fasrc04/lib64] ==> dir [/n/helmod/apps/centos7/MPI/intel/17.0.4-fasrc01/impi/2017.2.174-fasrc01/fftw/3.3.7-fasrc04/lib64]
    arg [-L/n/sw/intel-cluster-studio-2017/impi/2017.2.174/intel64/lib] ==> dir [/n/sw/intel-cluster-studio-2017/impi/2017.2.174/intel64/lib]
    arg [-L/n/sw/intel-cluster-studio-2017/tbb/lib/intel64] ==> dir [/n/sw/intel-cluster-studio-2017/tbb/lib/intel64]
    arg [-L/n/sw/intel-cluster-studio-2017/compilers_and_libraries_2017.4.196/linux/compiler/lib/intel64] ==> dir [/n/sw/intel-cluster-studio-2017/compilers_and_libraries_2017.4.196/linux/compiler/lib/intel64]
    arg [-L/n/helmod/apps/centos7/Core/mpfr/3.1.5-fasrc01/lib64] ==> dir [/n/helmod/apps/centos7/Core/mpfr/3.1.5-fasrc01/lib64]
    arg [-L/n/helmod/apps/centos7/Core/pcre2/10.31-fasrc01/lib] ==> dir [/n/helmod/apps/centos7/Core/pcre2/10.31-fasrc01/lib]
    arg [-L/n/helmod/apps/centos7/Core/gmp/6.1.2-fasrc01/lib64] ==> dir [/n/helmod/apps/centos7/Core/gmp/6.1.2-fasrc01/lib64]
    arg [-L/n/sw/intel-cluster-studio-2017/compilers_and_libraries_2017.4.196/linux/compiler/lib/intel64_lin] ==> dir [/n/sw/intel-cluster-studio-2017/compilers_and_libraries_2017.4.196/linux/compiler/lib/intel64_lin]
    arg [-L/n/helmod/apps/centos7/MPI/intel/17.0.4-fasrc01/impi/2017.2.174-fasrc01/fftw/3.3.7-fasrc04/lib64/../lib64] ==> dir [/n/helmod/apps/centos7/MPI/intel/17.0.4-fasrc01/impi/2017.2.174-fasrc01/fftw/3.3.7-fasrc04/lib64/../lib64]
    arg [-L/n/helmod/apps/centos7/MPI/intel/17.0.4-fasrc01/impi/2017.2.174-fasrc01/fftw/3.3.7-fasrc04/lib64/../lib64/] ==> dir [/n/helmod/apps/centos7/MPI/intel/17.0.4-fasrc01/impi/2017.2.174-fasrc01/fftw/3.3.7-fasrc04/lib64/../lib64/]
    arg [-L/n/helmod/apps/centos7/Core/mpfr/3.1.5-fasrc01/lib64/../lib64] ==> dir [/n/helmod/apps/centos7/Core/mpfr/3.1.5-fasrc01/lib64/../lib64]
    arg [-L/n/helmod/apps/centos7/Core/mpfr/3.1.5-fasrc01/lib64/../lib64/] ==> dir [/n/helmod/apps/centos7/Core/mpfr/3.1.5-fasrc01/lib64/../lib64/]
    arg [-L/n/helmod/apps/centos7/Core/gmp/6.1.2-fasrc01/lib64/../lib64] ==> dir [/n/helmod/apps/centos7/Core/gmp/6.1.2-fasrc01/lib64/../lib64]
    arg [-L/n/helmod/apps/centos7/Core/gmp/6.1.2-fasrc01/lib64/../lib64/] ==> dir [/n/helmod/apps/centos7/Core/gmp/6.1.2-fasrc01/lib64/../lib64/]
    arg [-L/usr/lib/gcc/x86_64-redhat-linux/4.8.5/] ==> dir [/usr/lib/gcc/x86_64-redhat-linux/4.8.5/]
    arg [-L/usr/lib/gcc/x86_64-redhat-linux/4.8.5/../../../../lib64] ==> dir [/usr/lib/gcc/x86_64-redhat-linux/4.8.5/../../../../lib64]
    arg [-L/usr/lib/gcc/x86_64-redhat-linux/4.8.5/../../../../lib64/] ==> dir [/usr/lib/gcc/x86_64-redhat-linux/4.8.5/../../../../lib64/]
    arg [-L/lib/../lib64] ==> dir [/lib/../lib64]
    arg [-L/lib/../lib64/] ==> dir [/lib/../lib64/]
    arg [-L/usr/lib/../lib64] ==> dir [/usr/lib/../lib64]
    arg [-L/usr/lib/../lib64/] ==> dir [/usr/lib/../lib64/]
    arg [-L/n/sw/intel-cluster-studio-2017/mkl/lib/intel64/] ==> dir [/n/sw/intel-cluster-studio-2017/mkl/lib/intel64/]
    arg [-L/n/helmod/apps/centos7/MPI/intel/17.0.4-fasrc01/impi/2017.2.174-fasrc01/fftw/3.3.7-fasrc04/lib64] ==> dir [/n/helmod/apps/centos7/MPI/intel/17.0.4-fasrc01/impi/2017.2.174-fasrc01/fftw/3.3.7-fasrc04/lib64]
    arg [-L/n/helmod/apps/centos7/MPI/intel/17.0.4-fasrc01/impi/2017.2.174-fasrc01/fftw/3.3.7-fasrc04/lib64/] ==> dir [/n/helmod/apps/centos7/MPI/intel/17.0.4-fasrc01/impi/2017.2.174-fasrc01/fftw/3.3.7-fasrc04/lib64/]
    arg [-L/n/sw/intel-cluster-studio-2017/impi/2017.2.174/intel64/lib/] ==> dir [/n/sw/intel-cluster-studio-2017/impi/2017.2.174/intel64/lib/]
    arg [-L/n/sw/intel-cluster-studio-2017/tbb/lib/intel64/] ==> dir [/n/sw/intel-cluster-studio-2017/tbb/lib/intel64/]
    arg [-L/n/sw/intel-cluster-studio-2017/compilers_and_libraries_2017.4.196/linux/compiler/lib/intel64/] ==> dir [/n/sw/intel-cluster-studio-2017/compilers_and_libraries_2017.4.196/linux/compiler/lib/intel64/]
    arg [-L/n/helmod/apps/centos7/Core/mpfr/3.1.5-fasrc01/lib64] ==> dir [/n/helmod/apps/centos7/Core/mpfr/3.1.5-fasrc01/lib64]
    arg [-L/n/helmod/apps/centos7/Core/mpfr/3.1.5-fasrc01/lib64/] ==> dir [/n/helmod/apps/centos7/Core/mpfr/3.1.5-fasrc01/lib64/]
    arg [-L/n/helmod/apps/centos7/Core/pcre2/10.31-fasrc01/lib/] ==> dir [/n/helmod/apps/centos7/Core/pcre2/10.31-fasrc01/lib/]
    arg [-L/n/helmod/apps/centos7/Core/gmp/6.1.2-fasrc01/lib64] ==> dir [/n/helmod/apps/centos7/Core/gmp/6.1.2-fasrc01/lib64]
    arg [-L/n/helmod/apps/centos7/Core/gmp/6.1.2-fasrc01/lib64/] ==> dir [/n/helmod/apps/centos7/Core/gmp/6.1.2-fasrc01/lib64/]
    arg [-L/usr/lib/gcc/x86_64-redhat-linux/4.8.5/../../../] ==> dir [/usr/lib/gcc/x86_64-redhat-linux/4.8.5/../../../]
    arg [-L/lib64] ==> dir [/lib64]
    arg [-L/lib/] ==> dir [/lib/]
    arg [-L/usr/lib64] ==> dir [/usr/lib64]
    arg [-L/usr/lib] ==> dir [/usr/lib]
    arg [CMakeFiles/cmTryCompileExec4080139758.dir/CMakeCCompilerABI.c.o] ==> ignore
    arg [-Bdynamic] ==> ignore
    arg [-Bstatic] ==> ignore
    arg [-limf] ==> lib [imf]
    arg [-lsvml] ==> lib [svml]
    arg [-lirng] ==> lib [irng]
    arg [-Bdynamic] ==> ignore
    arg [-lm] ==> lib [m]
    arg [-Bstatic] ==> ignore
    arg [-lipgo] ==> lib [ipgo]
    arg [-ldecimal] ==> lib [decimal]
    arg [--as-needed] ==> ignore
    arg [-Bdynamic] ==> ignore
    arg [-lcilkrts] ==> lib [cilkrts]
    arg [-lstdc++] ==> lib [stdc++]
    arg [--no-as-needed] ==> ignore
    arg [-lgcc] ==> lib [gcc]
    arg [-lgcc_s] ==> lib [gcc_s]
    arg [-Bstatic] ==> ignore
    arg [-lirc] ==> lib [irc]
    arg [-lsvml] ==> lib [svml]
    arg [-Bdynamic] ==> ignore
    arg [-lc] ==> lib [c]
    arg [-lgcc] ==> lib [gcc]
    arg [-lgcc_s] ==> lib [gcc_s]
    arg [-Bstatic] ==> ignore
    arg [-lirc_s] ==> lib [irc_s]
    arg [-Bdynamic] ==> ignore
    arg [-ldl] ==> lib [dl]
    arg [-lc] ==> lib [c]
    arg [/usr/lib/gcc/x86_64-redhat-linux/4.8.5/crtend.o] ==> ignore
    arg [/usr/lib/gcc/x86_64-redhat-linux/4.8.5/../../../../lib64/crtn.o] ==> ignore
  remove lib [gcc]
  remove lib [gcc_s]
  remove lib [gcc]
  remove lib [gcc_s]
  collapse library dir [/n/sw/intel-cluster-studio-2017/mkl/lib/intel64] ==> [/n/sw/intel-cluster-studio-2017/mkl/lib/intel64]
  collapse library dir [/n/helmod/apps/centos7/MPI/intel/17.0.4-fasrc01/impi/2017.2.174-fasrc01/fftw/3.3.7-fasrc04/lib64] ==> [/n/helmod/apps/centos7/MPI/intel/17.0.4-fasrc01/impi/2017.2.174-fasrc01/fftw/3.3.7-fasrc04/lib64]
  collapse library dir [/n/sw/intel-cluster-studio-2017/impi/2017.2.174/intel64/lib] ==> [/n/sw/intel-cluster-studio-2017/impi/2017.2.174/intel64/lib]
  collapse library dir [/n/sw/intel-cluster-studio-2017/tbb/lib/intel64] ==> [/n/sw/intel-cluster-studio-2017/tbb/lib/intel64]
  collapse library dir [/n/sw/intel-cluster-studio-2017/compilers_and_libraries_2017.4.196/linux/compiler/lib/intel64] ==> [/n/sw/intel-cluster-studio-2017/compilers_and_libraries_2017.4.196/linux/compiler/lib/intel64]
  collapse library dir [/n/helmod/apps/centos7/Core/mpfr/3.1.5-fasrc01/lib64] ==> [/n/helmod/apps/centos7/Core/mpfr/3.1.5-fasrc01/lib64]
  collapse library dir [/n/helmod/apps/centos7/Core/pcre2/10.31-fasrc01/lib] ==> [/n/helmod/apps/centos7/Core/pcre2/10.31-fasrc01/lib]
  collapse library dir [/n/helmod/apps/centos7/Core/gmp/6.1.2-fasrc01/lib64] ==> [/n/helmod/apps/centos7/Core/gmp/6.1.2-fasrc01/lib64]
  collapse library dir [/n/sw/intel-cluster-studio-2017/compilers_and_libraries_2017.4.196/linux/compiler/lib/intel64_lin] ==> [/n/sw/intel-cluster-studio-2017/compilers_and_libraries_2017.4.196/linux/compiler/lib/intel64_lin]
  collapse library dir [/n/helmod/apps/centos7/MPI/intel/17.0.4-fasrc01/impi/2017.2.174-fasrc01/fftw/3.3.7-fasrc04/lib64/../lib64] ==> [/n/helmod/apps/centos7/MPI/intel/17.0.4-fasrc01/impi/2017.2.174-fasrc01/fftw/3.3.7-fasrc04/lib64]
  collapse library dir [/n/helmod/apps/centos7/MPI/intel/17.0.4-fasrc01/impi/2017.2.174-fasrc01/fftw/3.3.7-fasrc04/lib64/../lib64/] ==> [/n/helmod/apps/centos7/MPI/intel/17.0.4-fasrc01/impi/2017.2.174-fasrc01/fftw/3.3.7-fasrc04/lib64]
  collapse library dir [/n/helmod/apps/centos7/Core/mpfr/3.1.5-fasrc01/lib64/../lib64] ==> [/n/helmod/apps/centos7/Core/mpfr/3.1.5-fasrc01/lib64]
  collapse library dir [/n/helmod/apps/centos7/Core/mpfr/3.1.5-fasrc01/lib64/../lib64/] ==> [/n/helmod/apps/centos7/Core/mpfr/3.1.5-fasrc01/lib64]
  collapse library dir [/n/helmod/apps/centos7/Core/gmp/6.1.2-fasrc01/lib64/../lib64] ==> [/n/helmod/apps/centos7/Core/gmp/6.1.2-fasrc01/lib64]
  collapse library dir [/n/helmod/apps/centos7/Core/gmp/6.1.2-fasrc01/lib64/../lib64/] ==> [/n/helmod/apps/centos7/Core/gmp/6.1.2-fasrc01/lib64]
  collapse library dir [/usr/lib/gcc/x86_64-redhat-linux/4.8.5/] ==> [/usr/lib/gcc/x86_64-redhat-linux/4.8.5]
  collapse library dir [/usr/lib/gcc/x86_64-redhat-linux/4.8.5/../../../../lib64] ==> [/usr/lib64]
  collapse library dir [/usr/lib/gcc/x86_64-redhat-linux/4.8.5/../../../../lib64/] ==> [/usr/lib64]
  collapse library dir [/lib/../lib64] ==> [/lib64]
  collapse library dir [/lib/../lib64/] ==> [/lib64]
  collapse library dir [/usr/lib/../lib64] ==> [/usr/lib64]
  collapse library dir [/usr/lib/../lib64/] ==> [/usr/lib64]
  collapse library dir [/n/sw/intel-cluster-studio-2017/mkl/lib/intel64/] ==> [/n/sw/intel-cluster-studio-2017/mkl/lib/intel64]
  collapse library dir [/n/helmod/apps/centos7/MPI/intel/17.0.4-fasrc01/impi/2017.2.174-fasrc01/fftw/3.3.7-fasrc04/lib64] ==> [/n/helmod/apps/centos7/MPI/intel/17.0.4-fasrc01/impi/2017.2.174-fasrc01/fftw/3.3.7-fasrc04/lib64]
  collapse library dir [/n/helmod/apps/centos7/MPI/intel/17.0.4-fasrc01/impi/2017.2.174-fasrc01/fftw/3.3.7-fasrc04/lib64/] ==> [/n/helmod/apps/centos7/MPI/intel/17.0.4-fasrc01/impi/2017.2.174-fasrc01/fftw/3.3.7-fasrc04/lib64]
  collapse library dir [/n/sw/intel-cluster-studio-2017/impi/2017.2.174/intel64/lib/] ==> [/n/sw/intel-cluster-studio-2017/impi/2017.2.174/intel64/lib]
  collapse library dir [/n/sw/intel-cluster-studio-2017/tbb/lib/intel64/] ==> [/n/sw/intel-cluster-studio-2017/tbb/lib/intel64]
  collapse library dir [/n/sw/intel-cluster-studio-2017/compilers_and_libraries_2017.4.196/linux/compiler/lib/intel64/] ==> [/n/sw/intel-cluster-studio-2017/compilers_and_libraries_2017.4.196/linux/compiler/lib/intel64]
  collapse library dir [/n/helmod/apps/centos7/Core/mpfr/3.1.5-fasrc01/lib64] ==> [/n/helmod/apps/centos7/Core/mpfr/3.1.5-fasrc01/lib64]
  collapse library dir [/n/helmod/apps/centos7/Core/mpfr/3.1.5-fasrc01/lib64/] ==> [/n/helmod/apps/centos7/Core/mpfr/3.1.5-fasrc01/lib64]
  collapse library dir [/n/helmod/apps/centos7/Core/pcre2/10.31-fasrc01/lib/] ==> [/n/helmod/apps/centos7/Core/pcre2/10.31-fasrc01/lib]
  collapse library dir [/n/helmod/apps/centos7/Core/gmp/6.1.2-fasrc01/lib64] ==> [/n/helmod/apps/centos7/Core/gmp/6.1.2-fasrc01/lib64]
  collapse library dir [/n/helmod/apps/centos7/Core/gmp/6.1.2-fasrc01/lib64/] ==> [/n/helmod/apps/centos7/Core/gmp/6.1.2-fasrc01/lib64]
  collapse library dir [/usr/lib/gcc/x86_64-redhat-linux/4.8.5/../../../] ==> [/usr/lib]
  collapse library dir [/lib64] ==> [/lib64]
  collapse library dir [/lib/] ==> [/lib]
  collapse library dir [/usr/lib64] ==> [/usr/lib64]
  collapse library dir [/usr/lib] ==> [/usr/lib]
  implicit libs: [imf;svml;irng;m;ipgo;decimal;cilkrts;stdc++;irc;svml;c;irc_s;dl;c]
  implicit dirs: [/n/sw/intel-cluster-studio-2017/mkl/lib/intel64;/n/helmod/apps/centos7/MPI/intel/17.0.4-fasrc01/impi/2017.2.174-fasrc01/fftw/3.3.7-fasrc04/lib64;/n/sw/intel-cluster-studio-2017/impi/2017.2.174/intel64/lib;/n/sw/intel-cluster-studio-2017/tbb/lib/intel64;/n/sw/intel-cluster-studio-2017/compilers_and_libraries_2017.4.196/linux/compiler/lib/intel64;/n/helmod/apps/centos7/Core/mpfr/3.1.5-fasrc01/lib64;/n/helmod/apps/centos7/Core/pcre2/10.31-fasrc01/lib;/n/helmod/apps/centos7/Core/gmp/6.1.2-fasrc01/lib64;/n/sw/intel-cluster-studio-2017/compilers_and_libraries_2017.4.196/linux/compiler/lib/intel64_lin;/usr/lib/gcc/x86_64-redhat-linux/4.8.5;/usr/lib64;/lib64;/usr/lib;/lib]
  implicit fwks: []


Determining if the CXX compiler works passed with the following output:
Change Dir: /n/home02/zzhu/leo2d/realspace/CMakeFiles/CMakeTmp

Run Build Command:/usr/bin/gmake "cmTryCompileExec2441677110/fast"
/usr/bin/gmake -f CMakeFiles/cmTryCompileExec2441677110.dir/build.make CMakeFiles/cmTryCompileExec2441677110.dir/build
gmake[1]: Entering directory `/n/home02/zzhu/leo2d/realspace/CMakeFiles/CMakeTmp'
/usr/bin/cmake -E cmake_progress_report /n/home02/zzhu/leo2d/realspace/CMakeFiles/CMakeTmp/CMakeFiles 1
Building CXX object CMakeFiles/cmTryCompileExec2441677110.dir/testCXXCompiler.cxx.o
/n/sw/intel-cluster-studio-2017/compilers_and_libraries_2017.4.196/linux/bin/intel64/icpc     -o CMakeFiles/cmTryCompileExec2441677110.dir/testCXXCompiler.cxx.o -c /n/home02/zzhu/leo2d/realspace/CMakeFiles/CMakeTmp/testCXXCompiler.cxx
Linking CXX executable cmTryCompileExec2441677110
/usr/bin/cmake -E cmake_link_script CMakeFiles/cmTryCompileExec2441677110.dir/link.txt --verbose=1
/n/sw/intel-cluster-studio-2017/compilers_and_libraries_2017.4.196/linux/bin/intel64/icpc        CMakeFiles/cmTryCompileExec2441677110.dir/testCXXCompiler.cxx.o  -o cmTryCompileExec2441677110 -rdynamic 
gmake[1]: Leaving directory `/n/home02/zzhu/leo2d/realspace/CMakeFiles/CMakeTmp'


Detecting CXX compiler ABI info compiled with the following output:
Change Dir: /n/home02/zzhu/leo2d/realspace/CMakeFiles/CMakeTmp

Run Build Command:/usr/bin/gmake "cmTryCompileExec3981239587/fast"
/usr/bin/gmake -f CMakeFiles/cmTryCompileExec3981239587.dir/build.make CMakeFiles/cmTryCompileExec3981239587.dir/build
gmake[1]: Entering directory `/n/home02/zzhu/leo2d/realspace/CMakeFiles/CMakeTmp'
/usr/bin/cmake -E cmake_progress_report /n/home02/zzhu/leo2d/realspace/CMakeFiles/CMakeTmp/CMakeFiles 1
Building CXX object CMakeFiles/cmTryCompileExec3981239587.dir/CMakeCXXCompilerABI.cpp.o
/n/sw/intel-cluster-studio-2017/compilers_and_libraries_2017.4.196/linux/bin/intel64/icpc     -o CMakeFiles/cmTryCompileExec3981239587.dir/CMakeCXXCompilerABI.cpp.o -c /usr/share/cmake/Modules/CMakeCXXCompilerABI.cpp
Linking CXX executable cmTryCompileExec3981239587
/usr/bin/cmake -E cmake_link_script CMakeFiles/cmTryCompileExec3981239587.dir/link.txt --verbose=1
/n/sw/intel-cluster-studio-2017/compilers_and_libraries_2017.4.196/linux/bin/intel64/icpc      -v CMakeFiles/cmTryCompileExec3981239587.dir/CMakeCXXCompilerABI.cpp.o  -o cmTryCompileExec3981239587 -rdynamic  
icpc version 17.0.4 (gcc version 4.8.5 compatibility)
/n/sw/intel-cluster-studio-2017/compilers_and_libraries_2017.4.196/linux/bin/intel64/mcpcom    -mGLOB_em64t=TRUE -mP1OPT_version=17.0-intel64 -mGLOB_diag_file=CMakeFiles/cmTryCompileExec3981239587.dir/CMakeCXXCompilerABI.cpp.diag -mGLOB_long_size_64 -mGLOB_routine_pointer_size_64 -mP1OPT_print_version=FALSE -mCG_use_gas_got_workaround=F -mP2OPT_align_option_used=TRUE -mGLOB_gcc_version=485 "-mGLOB_options_string=-v -o cmTryCompileExec3981239587 -rdynamic" -mGLOB_cxx_limited_range=FALSE -mCG_extend_parms=FALSE -mGLOB_compiler_bin_directory=/n/sw/intel-cluster-studio-2017/compilers_and_libraries_2017.4.196/linux/bin/intel64 -mGLOB_as_output_backup_file_name=/tmp/icpc70ZqYeas_.s -mGLOB_dashboard_use_source_name -mIPOPT_activate -mGLOB_product_id_code=0x22006d8e -mP3OPT_use_mspp_call_convention -mP2OPT_subs_out_of_bound=FALSE -mP2OPT_disam_type_based_disam=2 -mP2OPT_disam_assume_ansi_c -mP2OPT_checked_disam_ansi_alias=TRUE -mGLOB_ansi_alias -mPGOPTI_value_profile_use=T -mGLOB_opt_report_use_source_name -mP2OPT_il0_array_sections=TRUE -mGLOB_offload_mode=1 -mP2OPT_offload_unique_var_string=icpc1535707607IYUuis -mP2OPT_hlo -mP2OPT_hpo_rtt_control=0 -mIPOPT_args_in_regs=0 -mP2OPT_disam_assume_nonstd_intent_in=FALSE -mGLOB_imf_mapping_library=/n/sw/intel-cluster-studio-2017/compilers_and_libraries_2017.4.196/linux/bin/intel64/libiml_attr.so -mPGOPTI_gen_threadsafe_level=0 -mIPOPT_link -mIPOPT_ipo_activate -mIPOPT_mo_activate -mIPOPT_source_files_list=/tmp/icpcslis7eraoA -mIPOPT_mo_global_data -mIPOPT_link_script_file=/tmp/icpcscriptm8TJUN "-mIPOPT_cmdline_link="/usr/lib/gcc/x86_64-redhat-linux/4.8.5/../../../../lib64/crt1.o" "/usr/lib/gcc/x86_64-redhat-linux/4.8.5/../../../../lib64/crti.o" "/usr/lib/gcc/x86_64-redhat-linux/4.8.5/crtbegin.o" "-export-dynamic" "--eh-frame-hdr" "--build-id" "-dynamic-linker" "/lib64/ld-linux-x86-64.so.2" "-m" "elf_x86_64" "-o" "cmTryCompileExec3981239587" "-L/n/sw/intel-cluster-studio-2017/mkl/lib/intel64" "-L/n/helmod/apps/centos7/MPI/intel/17.0.4-fasrc01/impi/2017.2.174-fasrc01/fftw/3.3.7-fasrc04/lib64" "-L/n/sw/intel-cluster-studio-2017/impi/2017.2.174/intel64/lib" "-L/n/sw/intel-cluster-studio-2017/tbb/lib/intel64" "-L/n/sw/intel-cluster-studio-2017/compilers_and_libraries_2017.4.196/linux/compiler/lib/intel64" "-L/n/helmod/apps/centos7/Core/mpfr/3.1.5-fasrc01/lib64" "-L/n/helmod/apps/centos7/Core/pcre2/10.31-fasrc01/lib" "-L/n/helmod/apps/centos7/Core/gmp/6.1.2-fasrc01/lib64" "-L/n/sw/intel-cluster-studio-2017/compilers_and_libraries_2017.4.196/linux/compiler/lib/intel64_lin" "-L/n/helmod/apps/centos7/MPI/intel/17.0.4-fasrc01/impi/2017.2.174-fasrc01/fftw/3.3.7-fasrc04/lib64/../lib64" "-L/n/helmod/apps/centos7/MPI/intel/17.0.4-fasrc01/impi/2017.2.174-fasrc01/fftw/3.3.7-fasrc04/lib64/../lib64/" "-L/n/helmod/apps/centos7/Core/mpfr/3.1.5-fasrc01/lib64/../lib64" "-L/n/helmod/apps/centos7/Core/mpfr/3.1.5-fasrc01/lib64/../lib64/" "-L/n/helmod/apps/centos7/Core/gmp/6.1.2-fasrc01/lib64/../lib64" "-L/n/helmod/apps/centos7/Core/gmp/6.1.2-fasrc01/lib64/../lib64/" "-L/usr/lib/gcc/x86_64-redhat-linux/4.8.5/" "-L/usr/lib/gcc/x86_64-redhat-linux/4.8.5/../../../../lib64" "-L/usr/lib/gcc/x86_64-redhat-linux/4.8.5/../../../../lib64/" "-L/lib/../lib64" "-L/lib/../lib64/" "-L/usr/lib/../lib64" "-L/usr/lib/../lib64/" "-L/n/sw/intel-cluster-studio-2017/mkl/lib/intel64/" "-L/n/helmod/apps/centos7/MPI/intel/17.0.4-fasrc01/impi/2017.2.174-fasrc01/fftw/3.3.7-fasrc04/lib64" "-L/n/helmod/apps/centos7/MPI/intel/17.0.4-fasrc01/impi/2017.2.174-fasrc01/fftw/3.3.7-fasrc04/lib64/" "-L/n/sw/intel-cluster-studio-2017/impi/2017.2.174/intel64/lib/" "-L/n/sw/intel-cluster-studio-2017/tbb/lib/intel64/" "-L/n/sw/intel-cluster-studio-2017/compilers_and_libraries_2017.4.196/linux/compiler/lib/intel64/" "-L/n/helmod/apps/centos7/Core/mpfr/3.1.5-fasrc01/lib64" "-L/n/helmod/apps/centos7/Core/mpfr/3.1.5-fasrc01/lib64/" "-L/n/helmod/apps/centos7/Core/pcre2/10.31-fasrc01/lib/" "-L/n/helmod/apps/centos7/Core/gmp/6.1.2-fasrc01/lib64" "-L/n/helmod/apps/centos7/Core/gmp/6.1.2-fasrc01/lib64/" "-L/usr/lib/gcc/x86_64-redhat-linux/4.8.5/../../../" "-L/lib64" "-L/lib/" "-L/usr/lib64" "-L/usr/lib" "CMakeFiles/cmTryCompileExec3981239587.dir/CMakeCXXCompilerABI.cpp.o" "-Bdynamic" "-Bstatic" "-limf" "-lsvml" "-lirng" "-Bdynamic" "-lstdc++" "-lm" "-Bstatic" "-lipgo" "-ldecimal" "--as-needed" "-Bdynamic" "-lcilkrts" "--no-as-needed" "-lstdc++" "-lgcc" "-lgcc_s" "-Bstatic" "-lirc" "-lsvml" "-Bdynamic" "-lc" "-lgcc" "-lgcc_s" "-Bstatic" "-lirc_s" "-Bdynamic" "-ldl" "-lc" "/usr/lib/gcc/x86_64-redhat-linux/4.8.5/crtend.o" "/usr/lib/gcc/x86_64-redhat-linux/4.8.5/../../../../lib64/crtn.o"" -mIPOPT_il_in_obj -mIPOPT_ipo_activate_warn=FALSE -mIPOPT_obj_output_file_name=/tmp/ipo_icpcywqMeh.o -mIPOPT_whole_archive_fixup_file_name=/tmp/icpcwarchvEiXAT -mGLOB_linker_version=2.25.1 -mGLOB_driver_tempfile_name=/tmp/icpctempfileIOTY86 -mP3OPT_asm_target=P3OPT_ASM_TARGET_GAS -mGLOB_async_unwind_tables=TRUE -mGLOB_obj_output_file=/tmp/ipo_icpcywqMeh.o -mGLOB_source_dialect=GLOB_SOURCE_DIALECT_NONE -mP1OPT_source_file_name=ipo_out.c CMakeFiles/cmTryCompileExec3981239587.dir/CMakeCXXCompilerABI.cpp.o -mIPOPT_object_files=T -mIPOPT_assembly_files=/tmp/icpcalisetBThI -mIPOPT_generated_tempfiles=/tmp/icpcelis7UzsOV -mIPOPT_embedded_object_base_name=/tmp/icpceobjuVH1k9 -mIPOPT_cmdline_link_new_name=/tmp/icpcllistQZARm
ld    /usr/lib/gcc/x86_64-redhat-linux/4.8.5/../../../../lib64/crt1.o /usr/lib/gcc/x86_64-redhat-linux/4.8.5/../../../../lib64/crti.o /usr/lib/gcc/x86_64-redhat-linux/4.8.5/crtbegin.o -export-dynamic --eh-frame-hdr --build-id -dynamic-linker /lib64/ld-linux-x86-64.so.2 -m elf_x86_64 -o cmTryCompileExec3981239587 -L/n/sw/intel-cluster-studio-2017/mkl/lib/intel64 -L/n/helmod/apps/centos7/MPI/intel/17.0.4-fasrc01/impi/2017.2.174-fasrc01/fftw/3.3.7-fasrc04/lib64 -L/n/sw/intel-cluster-studio-2017/impi/2017.2.174/intel64/lib -L/n/sw/intel-cluster-studio-2017/tbb/lib/intel64 -L/n/sw/intel-cluster-studio-2017/compilers_and_libraries_2017.4.196/linux/compiler/lib/intel64 -L/n/helmod/apps/centos7/Core/mpfr/3.1.5-fasrc01/lib64 -L/n/helmod/apps/centos7/Core/pcre2/10.31-fasrc01/lib -L/n/helmod/apps/centos7/Core/gmp/6.1.2-fasrc01/lib64 -L/n/sw/intel-cluster-studio-2017/compilers_and_libraries_2017.4.196/linux/compiler/lib/intel64_lin -L/n/helmod/apps/centos7/MPI/intel/17.0.4-fasrc01/impi/2017.2.174-fasrc01/fftw/3.3.7-fasrc04/lib64/../lib64 -L/n/helmod/apps/centos7/MPI/intel/17.0.4-fasrc01/impi/2017.2.174-fasrc01/fftw/3.3.7-fasrc04/lib64/../lib64/ -L/n/helmod/apps/centos7/Core/mpfr/3.1.5-fasrc01/lib64/../lib64 -L/n/helmod/apps/centos7/Core/mpfr/3.1.5-fasrc01/lib64/../lib64/ -L/n/helmod/apps/centos7/Core/gmp/6.1.2-fasrc01/lib64/../lib64 -L/n/helmod/apps/centos7/Core/gmp/6.1.2-fasrc01/lib64/../lib64/ -L/usr/lib/gcc/x86_64-redhat-linux/4.8.5/ -L/usr/lib/gcc/x86_64-redhat-linux/4.8.5/../../../../lib64 -L/usr/lib/gcc/x86_64-redhat-linux/4.8.5/../../../../lib64/ -L/lib/../lib64 -L/lib/../lib64/ -L/usr/lib/../lib64 -L/usr/lib/../lib64/ -L/n/sw/intel-cluster-studio-2017/mkl/lib/intel64/ -L/n/helmod/apps/centos7/MPI/intel/17.0.4-fasrc01/impi/2017.2.174-fasrc01/fftw/3.3.7-fasrc04/lib64 -L/n/helmod/apps/centos7/MPI/intel/17.0.4-fasrc01/impi/2017.2.174-fasrc01/fftw/3.3.7-fasrc04/lib64/ -L/n/sw/intel-cluster-studio-2017/impi/2017.2.174/intel64/lib/ -L/n/sw/intel-cluster-studio-2017/tbb/lib/intel64/ -L/n/sw/intel-cluster-studio-2017/compilers_and_libraries_2017.4.196/linux/compiler/lib/intel64/ -L/n/helmod/apps/centos7/Core/mpfr/3.1.5-fasrc01/lib64 -L/n/helmod/apps/centos7/Core/mpfr/3.1.5-fasrc01/lib64/ -L/n/helmod/apps/centos7/Core/pcre2/10.31-fasrc01/lib/ -L/n/helmod/apps/centos7/Core/gmp/6.1.2-fasrc01/lib64 -L/n/helmod/apps/centos7/Core/gmp/6.1.2-fasrc01/lib64/ -L/usr/lib/gcc/x86_64-redhat-linux/4.8.5/../../../ -L/lib64 -L/lib/ -L/usr/lib64 -L/usr/lib CMakeFiles/cmTryCompileExec3981239587.dir/CMakeCXXCompilerABI.cpp.o -Bdynamic -Bstatic -limf -lsvml -lirng -Bdynamic -lstdc++ -lm -Bstatic -lipgo -ldecimal --as-needed -Bdynamic -lcilkrts --no-as-needed -lstdc++ -lgcc -lgcc_s -Bstatic -lirc -lsvml -Bdynamic -lc -lgcc -lgcc_s -Bstatic -lirc_s -Bdynamic -ldl -lc /usr/lib/gcc/x86_64-redhat-linux/4.8.5/crtend.o /usr/lib/gcc/x86_64-redhat-linux/4.8.5/../../../../lib64/crtn.o
gmake[1]: Leaving directory `/n/home02/zzhu/leo2d/realspace/CMakeFiles/CMakeTmp'


Parsed CXX implicit link information from above output:
  link line regex: [^( *|.*[/\])(ld|([^/\]+-)?ld|collect2)[^/\]*( |$)]
  ignore line: [Change Dir: /n/home02/zzhu/leo2d/realspace/CMakeFiles/CMakeTmp]
  ignore line: []
  ignore line: [Run Build Command:/usr/bin/gmake "cmTryCompileExec3981239587/fast"]
  ignore line: [/usr/bin/gmake -f CMakeFiles/cmTryCompileExec3981239587.dir/build.make CMakeFiles/cmTryCompileExec3981239587.dir/build]
  ignore line: [gmake[1]: Entering directory `/n/home02/zzhu/leo2d/realspace/CMakeFiles/CMakeTmp']
  ignore line: [/usr/bin/cmake -E cmake_progress_report /n/home02/zzhu/leo2d/realspace/CMakeFiles/CMakeTmp/CMakeFiles 1]
  ignore line: [Building CXX object CMakeFiles/cmTryCompileExec3981239587.dir/CMakeCXXCompilerABI.cpp.o]
  ignore line: [/n/sw/intel-cluster-studio-2017/compilers_and_libraries_2017.4.196/linux/bin/intel64/icpc     -o CMakeFiles/cmTryCompileExec3981239587.dir/CMakeCXXCompilerABI.cpp.o -c /usr/share/cmake/Modules/CMakeCXXCompilerABI.cpp]
  ignore line: [Linking CXX executable cmTryCompileExec3981239587]
  ignore line: [/usr/bin/cmake -E cmake_link_script CMakeFiles/cmTryCompileExec3981239587.dir/link.txt --verbose=1]
  ignore line: [/n/sw/intel-cluster-studio-2017/compilers_and_libraries_2017.4.196/linux/bin/intel64/icpc      -v CMakeFiles/cmTryCompileExec3981239587.dir/CMakeCXXCompilerABI.cpp.o  -o cmTryCompileExec3981239587 -rdynamic  ]
  ignore line: [icpc version 17.0.4 (gcc version 4.8.5 compatibility)]
  ignore line: [/n/sw/intel-cluster-studio-2017/compilers_and_libraries_2017.4.196/linux/bin/intel64/mcpcom    -mGLOB_em64t=TRUE -mP1OPT_version=17.0-intel64 -mGLOB_diag_file=CMakeFiles/cmTryCompileExec3981239587.dir/CMakeCXXCompilerABI.cpp.diag -mGLOB_long_size_64 -mGLOB_routine_pointer_size_64 -mP1OPT_print_version=FALSE -mCG_use_gas_got_workaround=F -mP2OPT_align_option_used=TRUE -mGLOB_gcc_version=485 "-mGLOB_options_string=-v -o cmTryCompileExec3981239587 -rdynamic" -mGLOB_cxx_limited_range=FALSE -mCG_extend_parms=FALSE -mGLOB_compiler_bin_directory=/n/sw/intel-cluster-studio-2017/compilers_and_libraries_2017.4.196/linux/bin/intel64 -mGLOB_as_output_backup_file_name=/tmp/icpc70ZqYeas_.s -mGLOB_dashboard_use_source_name -mIPOPT_activate -mGLOB_product_id_code=0x22006d8e -mP3OPT_use_mspp_call_convention -mP2OPT_subs_out_of_bound=FALSE -mP2OPT_disam_type_based_disam=2 -mP2OPT_disam_assume_ansi_c -mP2OPT_checked_disam_ansi_alias=TRUE -mGLOB_ansi_alias -mPGOPTI_value_profile_use=T -mGLOB_opt_report_use_source_name -mP2OPT_il0_array_sections=TRUE -mGLOB_offload_mode=1 -mP2OPT_offload_unique_var_string=icpc1535707607IYUuis -mP2OPT_hlo -mP2OPT_hpo_rtt_control=0 -mIPOPT_args_in_regs=0 -mP2OPT_disam_assume_nonstd_intent_in=FALSE -mGLOB_imf_mapping_library=/n/sw/intel-cluster-studio-2017/compilers_and_libraries_2017.4.196/linux/bin/intel64/libiml_attr.so -mPGOPTI_gen_threadsafe_level=0 -mIPOPT_link -mIPOPT_ipo_activate -mIPOPT_mo_activate -mIPOPT_source_files_list=/tmp/icpcslis7eraoA -mIPOPT_mo_global_data -mIPOPT_link_script_file=/tmp/icpcscriptm8TJUN "-mIPOPT_cmdline_link="/usr/lib/gcc/x86_64-redhat-linux/4.8.5/../../../../lib64/crt1.o" "/usr/lib/gcc/x86_64-redhat-linux/4.8.5/../../../../lib64/crti.o" "/usr/lib/gcc/x86_64-redhat-linux/4.8.5/crtbegin.o" "-export-dynamic" "--eh-frame-hdr" "--build-id" "-dynamic-linker" "/lib64/ld-linux-x86-64.so.2" "-m" "elf_x86_64" "-o" "cmTryCompileExec3981239587" "-L/n/sw/intel-cluster-studio-2017/mkl/lib/intel64" "-L/n/helmod/apps/centos7/MPI/intel/17.0.4-fasrc01/impi/2017.2.174-fasrc01/fftw/3.3.7-fasrc04/lib64" "-L/n/sw/intel-cluster-studio-2017/impi/2017.2.174/intel64/lib" "-L/n/sw/intel-cluster-studio-2017/tbb/lib/intel64" "-L/n/sw/intel-cluster-studio-2017/compilers_and_libraries_2017.4.196/linux/compiler/lib/intel64" "-L/n/helmod/apps/centos7/Core/mpfr/3.1.5-fasrc01/lib64" "-L/n/helmod/apps/centos7/Core/pcre2/10.31-fasrc01/lib" "-L/n/helmod/apps/centos7/Core/gmp/6.1.2-fasrc01/lib64" "-L/n/sw/intel-cluster-studio-2017/compilers_and_libraries_2017.4.196/linux/compiler/lib/intel64_lin" "-L/n/helmod/apps/centos7/MPI/intel/17.0.4-fasrc01/impi/2017.2.174-fasrc01/fftw/3.3.7-fasrc04/lib64/../lib64" "-L/n/helmod/apps/centos7/MPI/intel/17.0.4-fasrc01/impi/2017.2.174-fasrc01/fftw/3.3.7-fasrc04/lib64/../lib64/" "-L/n/helmod/apps/centos7/Core/mpfr/3.1.5-fasrc01/lib64/../lib64" "-L/n/helmod/apps/centos7/Core/mpfr/3.1.5-fasrc01/lib64/../lib64/" "-L/n/helmod/apps/centos7/Core/gmp/6.1.2-fasrc01/lib64/../lib64" "-L/n/helmod/apps/centos7/Core/gmp/6.1.2-fasrc01/lib64/../lib64/" "-L/usr/lib/gcc/x86_64-redhat-linux/4.8.5/" "-L/usr/lib/gcc/x86_64-redhat-linux/4.8.5/../../../../lib64" "-L/usr/lib/gcc/x86_64-redhat-linux/4.8.5/../../../../lib64/" "-L/lib/../lib64" "-L/lib/../lib64/" "-L/usr/lib/../lib64" "-L/usr/lib/../lib64/" "-L/n/sw/intel-cluster-studio-2017/mkl/lib/intel64/" "-L/n/helmod/apps/centos7/MPI/intel/17.0.4-fasrc01/impi/2017.2.174-fasrc01/fftw/3.3.7-fasrc04/lib64" "-L/n/helmod/apps/centos7/MPI/intel/17.0.4-fasrc01/impi/2017.2.174-fasrc01/fftw/3.3.7-fasrc04/lib64/" "-L/n/sw/intel-cluster-studio-2017/impi/2017.2.174/intel64/lib/" "-L/n/sw/intel-cluster-studio-2017/tbb/lib/intel64/" "-L/n/sw/intel-cluster-studio-2017/compilers_and_libraries_2017.4.196/linux/compiler/lib/intel64/" "-L/n/helmod/apps/centos7/Core/mpfr/3.1.5-fasrc01/lib64" "-L/n/helmod/apps/centos7/Core/mpfr/3.1.5-fasrc01/lib64/" "-L/n/helmod/apps/centos7/Core/pcre2/10.31-fasrc01/lib/" "-L/n/helmod/apps/centos7/Core/gmp/6.1.2-fasrc01/lib64" "-L/n/helmod/apps/centos7/Core/gmp/6.1.2-fasrc01/lib64/" "-L/usr/lib/gcc/x86_64-redhat-linux/4.8.5/../../../" "-L/lib64" "-L/lib/" "-L/usr/lib64" "-L/usr/lib" "CMakeFiles/cmTryCompileExec3981239587.dir/CMakeCXXCompilerABI.cpp.o" "-Bdynamic" "-Bstatic" "-limf" "-lsvml" "-lirng" "-Bdynamic" "-lstdc++" "-lm" "-Bstatic" "-lipgo" "-ldecimal" "--as-needed" "-Bdynamic" "-lcilkrts" "--no-as-needed" "-lstdc++" "-lgcc" "-lgcc_s" "-Bstatic" "-lirc" "-lsvml" "-Bdynamic" "-lc" "-lgcc" "-lgcc_s" "-Bstatic" "-lirc_s" "-Bdynamic" "-ldl" "-lc" "/usr/lib/gcc/x86_64-redhat-linux/4.8.5/crtend.o" "/usr/lib/gcc/x86_64-redhat-linux/4.8.5/../../../../lib64/crtn.o"" -mIPOPT_il_in_obj -mIPOPT_ipo_activate_warn=FALSE -mIPOPT_obj_output_file_name=/tmp/ipo_icpcywqMeh.o -mIPOPT_whole_archive_fixup_file_name=/tmp/icpcwarchvEiXAT -mGLOB_linker_version=2.25.1 -mGLOB_driver_tempfile_name=/tmp/icpctempfileIOTY86 -mP3OPT_asm_target=P3OPT_ASM_TARGET_GAS -mGLOB_async_unwind_tables=TRUE -mGLOB_obj_output_file=/tmp/ipo_icpcywqMeh.o -mGLOB_source_dialect=GLOB_SOURCE_DIALECT_NONE -mP1OPT_source_file_name=ipo_out.c CMakeFiles/cmTryCompileExec3981239587.dir/CMakeCXXCompilerABI.cpp.o -mIPOPT_object_files=T -mIPOPT_assembly_files=/tmp/icpcalisetBThI -mIPOPT_generated_tempfiles=/tmp/icpcelis7UzsOV -mIPOPT_embedded_object_base_name=/tmp/icpceobjuVH1k9 -mIPOPT_cmdline_link_new_name=/tmp/icpcllistQZARm]
  link line: [ld    /usr/lib/gcc/x86_64-redhat-linux/4.8.5/../../../../lib64/crt1.o /usr/lib/gcc/x86_64-redhat-linux/4.8.5/../../../../lib64/crti.o /usr/lib/gcc/x86_64-redhat-linux/4.8.5/crtbegin.o -export-dynamic --eh-frame-hdr --build-id -dynamic-linker /lib64/ld-linux-x86-64.so.2 -m elf_x86_64 -o cmTryCompileExec3981239587 -L/n/sw/intel-cluster-studio-2017/mkl/lib/intel64 -L/n/helmod/apps/centos7/MPI/intel/17.0.4-fasrc01/impi/2017.2.174-fasrc01/fftw/3.3.7-fasrc04/lib64 -L/n/sw/intel-cluster-studio-2017/impi/2017.2.174/intel64/lib -L/n/sw/intel-cluster-studio-2017/tbb/lib/intel64 -L/n/sw/intel-cluster-studio-2017/compilers_and_libraries_2017.4.196/linux/compiler/lib/intel64 -L/n/helmod/apps/centos7/Core/mpfr/3.1.5-fasrc01/lib64 -L/n/helmod/apps/centos7/Core/pcre2/10.31-fasrc01/lib -L/n/helmod/apps/centos7/Core/gmp/6.1.2-fasrc01/lib64 -L/n/sw/intel-cluster-studio-2017/compilers_and_libraries_2017.4.196/linux/compiler/lib/intel64_lin -L/n/helmod/apps/centos7/MPI/intel/17.0.4-fasrc01/impi/2017.2.174-fasrc01/fftw/3.3.7-fasrc04/lib64/../lib64 -L/n/helmod/apps/centos7/MPI/intel/17.0.4-fasrc01/impi/2017.2.174-fasrc01/fftw/3.3.7-fasrc04/lib64/../lib64/ -L/n/helmod/apps/centos7/Core/mpfr/3.1.5-fasrc01/lib64/../lib64 -L/n/helmod/apps/centos7/Core/mpfr/3.1.5-fasrc01/lib64/../lib64/ -L/n/helmod/apps/centos7/Core/gmp/6.1.2-fasrc01/lib64/../lib64 -L/n/helmod/apps/centos7/Core/gmp/6.1.2-fasrc01/lib64/../lib64/ -L/usr/lib/gcc/x86_64-redhat-linux/4.8.5/ -L/usr/lib/gcc/x86_64-redhat-linux/4.8.5/../../../../lib64 -L/usr/lib/gcc/x86_64-redhat-linux/4.8.5/../../../../lib64/ -L/lib/../lib64 -L/lib/../lib64/ -L/usr/lib/../lib64 -L/usr/lib/../lib64/ -L/n/sw/intel-cluster-studio-2017/mkl/lib/intel64/ -L/n/helmod/apps/centos7/MPI/intel/17.0.4-fasrc01/impi/2017.2.174-fasrc01/fftw/3.3.7-fasrc04/lib64 -L/n/helmod/apps/centos7/MPI/intel/17.0.4-fasrc01/impi/2017.2.174-fasrc01/fftw/3.3.7-fasrc04/lib64/ -L/n/sw/intel-cluster-studio-2017/impi/2017.2.174/intel64/lib/ -L/n/sw/intel-cluster-studio-2017/tbb/lib/intel64/ -L/n/sw/intel-cluster-studio-2017/compilers_and_libraries_2017.4.196/linux/compiler/lib/intel64/ -L/n/helmod/apps/centos7/Core/mpfr/3.1.5-fasrc01/lib64 -L/n/helmod/apps/centos7/Core/mpfr/3.1.5-fasrc01/lib64/ -L/n/helmod/apps/centos7/Core/pcre2/10.31-fasrc01/lib/ -L/n/helmod/apps/centos7/Core/gmp/6.1.2-fasrc01/lib64 -L/n/helmod/apps/centos7/Core/gmp/6.1.2-fasrc01/lib64/ -L/usr/lib/gcc/x86_64-redhat-linux/4.8.5/../../../ -L/lib64 -L/lib/ -L/usr/lib64 -L/usr/lib CMakeFiles/cmTryCompileExec3981239587.dir/CMakeCXXCompilerABI.cpp.o -Bdynamic -Bstatic -limf -lsvml -lirng -Bdynamic -lstdc++ -lm -Bstatic -lipgo -ldecimal --as-needed -Bdynamic -lcilkrts --no-as-needed -lstdc++ -lgcc -lgcc_s -Bstatic -lirc -lsvml -Bdynamic -lc -lgcc -lgcc_s -Bstatic -lirc_s -Bdynamic -ldl -lc /usr/lib/gcc/x86_64-redhat-linux/4.8.5/crtend.o /usr/lib/gcc/x86_64-redhat-linux/4.8.5/../../../../lib64/crtn.o]
    arg [ld] ==> ignore
    arg [/usr/lib/gcc/x86_64-redhat-linux/4.8.5/../../../../lib64/crt1.o] ==> ignore
    arg [/usr/lib/gcc/x86_64-redhat-linux/4.8.5/../../../../lib64/crti.o] ==> ignore
    arg [/usr/lib/gcc/x86_64-redhat-linux/4.8.5/crtbegin.o] ==> ignore
    arg [-export-dynamic] ==> ignore
    arg [--eh-frame-hdr] ==> ignore
    arg [--build-id] ==> ignore
    arg [-dynamic-linker] ==> ignore
    arg [/lib64/ld-linux-x86-64.so.2] ==> ignore
    arg [-m] ==> ignore
    arg [elf_x86_64] ==> ignore
    arg [-o] ==> ignore
    arg [cmTryCompileExec3981239587] ==> ignore
    arg [-L/n/sw/intel-cluster-studio-2017/mkl/lib/intel64] ==> dir [/n/sw/intel-cluster-studio-2017/mkl/lib/intel64]
    arg [-L/n/helmod/apps/centos7/MPI/intel/17.0.4-fasrc01/impi/2017.2.174-fasrc01/fftw/3.3.7-fasrc04/lib64] ==> dir [/n/helmod/apps/centos7/MPI/intel/17.0.4-fasrc01/impi/2017.2.174-fasrc01/fftw/3.3.7-fasrc04/lib64]
    arg [-L/n/sw/intel-cluster-studio-2017/impi/2017.2.174/intel64/lib] ==> dir [/n/sw/intel-cluster-studio-2017/impi/2017.2.174/intel64/lib]
    arg [-L/n/sw/intel-cluster-studio-2017/tbb/lib/intel64] ==> dir [/n/sw/intel-cluster-studio-2017/tbb/lib/intel64]
    arg [-L/n/sw/intel-cluster-studio-2017/compilers_and_libraries_2017.4.196/linux/compiler/lib/intel64] ==> dir [/n/sw/intel-cluster-studio-2017/compilers_and_libraries_2017.4.196/linux/compiler/lib/intel64]
    arg [-L/n/helmod/apps/centos7/Core/mpfr/3.1.5-fasrc01/lib64] ==> dir [/n/helmod/apps/centos7/Core/mpfr/3.1.5-fasrc01/lib64]
    arg [-L/n/helmod/apps/centos7/Core/pcre2/10.31-fasrc01/lib] ==> dir [/n/helmod/apps/centos7/Core/pcre2/10.31-fasrc01/lib]
    arg [-L/n/helmod/apps/centos7/Core/gmp/6.1.2-fasrc01/lib64] ==> dir [/n/helmod/apps/centos7/Core/gmp/6.1.2-fasrc01/lib64]
    arg [-L/n/sw/intel-cluster-studio-2017/compilers_and_libraries_2017.4.196/linux/compiler/lib/intel64_lin] ==> dir [/n/sw/intel-cluster-studio-2017/compilers_and_libraries_2017.4.196/linux/compiler/lib/intel64_lin]
    arg [-L/n/helmod/apps/centos7/MPI/intel/17.0.4-fasrc01/impi/2017.2.174-fasrc01/fftw/3.3.7-fasrc04/lib64/../lib64] ==> dir [/n/helmod/apps/centos7/MPI/intel/17.0.4-fasrc01/impi/2017.2.174-fasrc01/fftw/3.3.7-fasrc04/lib64/../lib64]
    arg [-L/n/helmod/apps/centos7/MPI/intel/17.0.4-fasrc01/impi/2017.2.174-fasrc01/fftw/3.3.7-fasrc04/lib64/../lib64/] ==> dir [/n/helmod/apps/centos7/MPI/intel/17.0.4-fasrc01/impi/2017.2.174-fasrc01/fftw/3.3.7-fasrc04/lib64/../lib64/]
    arg [-L/n/helmod/apps/centos7/Core/mpfr/3.1.5-fasrc01/lib64/../lib64] ==> dir [/n/helmod/apps/centos7/Core/mpfr/3.1.5-fasrc01/lib64/../lib64]
    arg [-L/n/helmod/apps/centos7/Core/mpfr/3.1.5-fasrc01/lib64/../lib64/] ==> dir [/n/helmod/apps/centos7/Core/mpfr/3.1.5-fasrc01/lib64/../lib64/]
    arg [-L/n/helmod/apps/centos7/Core/gmp/6.1.2-fasrc01/lib64/../lib64] ==> dir [/n/helmod/apps/centos7/Core/gmp/6.1.2-fasrc01/lib64/../lib64]
    arg [-L/n/helmod/apps/centos7/Core/gmp/6.1.2-fasrc01/lib64/../lib64/] ==> dir [/n/helmod/apps/centos7/Core/gmp/6.1.2-fasrc01/lib64/../lib64/]
    arg [-L/usr/lib/gcc/x86_64-redhat-linux/4.8.5/] ==> dir [/usr/lib/gcc/x86_64-redhat-linux/4.8.5/]
    arg [-L/usr/lib/gcc/x86_64-redhat-linux/4.8.5/../../../../lib64] ==> dir [/usr/lib/gcc/x86_64-redhat-linux/4.8.5/../../../../lib64]
    arg [-L/usr/lib/gcc/x86_64-redhat-linux/4.8.5/../../../../lib64/] ==> dir [/usr/lib/gcc/x86_64-redhat-linux/4.8.5/../../../../lib64/]
    arg [-L/lib/../lib64] ==> dir [/lib/../lib64]
    arg [-L/lib/../lib64/] ==> dir [/lib/../lib64/]
    arg [-L/usr/lib/../lib64] ==> dir [/usr/lib/../lib64]
    arg [-L/usr/lib/../lib64/] ==> dir [/usr/lib/../lib64/]
    arg [-L/n/sw/intel-cluster-studio-2017/mkl/lib/intel64/] ==> dir [/n/sw/intel-cluster-studio-2017/mkl/lib/intel64/]
    arg [-L/n/helmod/apps/centos7/MPI/intel/17.0.4-fasrc01/impi/2017.2.174-fasrc01/fftw/3.3.7-fasrc04/lib64] ==> dir [/n/helmod/apps/centos7/MPI/intel/17.0.4-fasrc01/impi/2017.2.174-fasrc01/fftw/3.3.7-fasrc04/lib64]
    arg [-L/n/helmod/apps/centos7/MPI/intel/17.0.4-fasrc01/impi/2017.2.174-fasrc01/fftw/3.3.7-fasrc04/lib64/] ==> dir [/n/helmod/apps/centos7/MPI/intel/17.0.4-fasrc01/impi/2017.2.174-fasrc01/fftw/3.3.7-fasrc04/lib64/]
    arg [-L/n/sw/intel-cluster-studio-2017/impi/2017.2.174/intel64/lib/] ==> dir [/n/sw/intel-cluster-studio-2017/impi/2017.2.174/intel64/lib/]
    arg [-L/n/sw/intel-cluster-studio-2017/tbb/lib/intel64/] ==> dir [/n/sw/intel-cluster-studio-2017/tbb/lib/intel64/]
    arg [-L/n/sw/intel-cluster-studio-2017/compilers_and_libraries_2017.4.196/linux/compiler/lib/intel64/] ==> dir [/n/sw/intel-cluster-studio-2017/compilers_and_libraries_2017.4.196/linux/compiler/lib/intel64/]
    arg [-L/n/helmod/apps/centos7/Core/mpfr/3.1.5-fasrc01/lib64] ==> dir [/n/helmod/apps/centos7/Core/mpfr/3.1.5-fasrc01/lib64]
    arg [-L/n/helmod/apps/centos7/Core/mpfr/3.1.5-fasrc01/lib64/] ==> dir [/n/helmod/apps/centos7/Core/mpfr/3.1.5-fasrc01/lib64/]
    arg [-L/n/helmod/apps/centos7/Core/pcre2/10.31-fasrc01/lib/] ==> dir [/n/helmod/apps/centos7/Core/pcre2/10.31-fasrc01/lib/]
    arg [-L/n/helmod/apps/centos7/Core/gmp/6.1.2-fasrc01/lib64] ==> dir [/n/helmod/apps/centos7/Core/gmp/6.1.2-fasrc01/lib64]
    arg [-L/n/helmod/apps/centos7/Core/gmp/6.1.2-fasrc01/lib64/] ==> dir [/n/helmod/apps/centos7/Core/gmp/6.1.2-fasrc01/lib64/]
    arg [-L/usr/lib/gcc/x86_64-redhat-linux/4.8.5/../../../] ==> dir [/usr/lib/gcc/x86_64-redhat-linux/4.8.5/../../../]
    arg [-L/lib64] ==> dir [/lib64]
    arg [-L/lib/] ==> dir [/lib/]
    arg [-L/usr/lib64] ==> dir [/usr/lib64]
    arg [-L/usr/lib] ==> dir [/usr/lib]
    arg [CMakeFiles/cmTryCompileExec3981239587.dir/CMakeCXXCompilerABI.cpp.o] ==> ignore
    arg [-Bdynamic] ==> ignore
    arg [-Bstatic] ==> ignore
    arg [-limf] ==> lib [imf]
    arg [-lsvml] ==> lib [svml]
    arg [-lirng] ==> lib [irng]
    arg [-Bdynamic] ==> ignore
    arg [-lstdc++] ==> lib [stdc++]
    arg [-lm] ==> lib [m]
    arg [-Bstatic] ==> ignore
    arg [-lipgo] ==> lib [ipgo]
    arg [-ldecimal] ==> lib [decimal]
    arg [--as-needed] ==> ignore
    arg [-Bdynamic] ==> ignore
    arg [-lcilkrts] ==> lib [cilkrts]
    arg [--no-as-needed] ==> ignore
    arg [-lstdc++] ==> lib [stdc++]
    arg [-lgcc] ==> lib [gcc]
    arg [-lgcc_s] ==> lib [gcc_s]
    arg [-Bstatic] ==> ignore
    arg [-lirc] ==> lib [irc]
    arg [-lsvml] ==> lib [svml]
    arg [-Bdynamic] ==> ignore
    arg [-lc] ==> lib [c]
    arg [-lgcc] ==> lib [gcc]
    arg [-lgcc_s] ==> lib [gcc_s]
    arg [-Bstatic] ==> ignore
    arg [-lirc_s] ==> lib [irc_s]
    arg [-Bdynamic] ==> ignore
    arg [-ldl] ==> lib [dl]
    arg [-lc] ==> lib [c]
    arg [/usr/lib/gcc/x86_64-redhat-linux/4.8.5/crtend.o] ==> ignore
    arg [/usr/lib/gcc/x86_64-redhat-linux/4.8.5/../../../../lib64/crtn.o] ==> ignore
  remove lib [gcc]
  remove lib [gcc_s]
  remove lib [gcc]
  remove lib [gcc_s]
  collapse library dir [/n/sw/intel-cluster-studio-2017/mkl/lib/intel64] ==> [/n/sw/intel-cluster-studio-2017/mkl/lib/intel64]
  collapse library dir [/n/helmod/apps/centos7/MPI/intel/17.0.4-fasrc01/impi/2017.2.174-fasrc01/fftw/3.3.7-fasrc04/lib64] ==> [/n/helmod/apps/centos7/MPI/intel/17.0.4-fasrc01/impi/2017.2.174-fasrc01/fftw/3.3.7-fasrc04/lib64]
  collapse library dir [/n/sw/intel-cluster-studio-2017/impi/2017.2.174/intel64/lib] ==> [/n/sw/intel-cluster-studio-2017/impi/2017.2.174/intel64/lib]
  collapse library dir [/n/sw/intel-cluster-studio-2017/tbb/lib/intel64] ==> [/n/sw/intel-cluster-studio-2017/tbb/lib/intel64]
  collapse library dir [/n/sw/intel-cluster-studio-2017/compilers_and_libraries_2017.4.196/linux/compiler/lib/intel64] ==> [/n/sw/intel-cluster-studio-2017/compilers_and_libraries_2017.4.196/linux/compiler/lib/intel64]
  collapse library dir [/n/helmod/apps/centos7/Core/mpfr/3.1.5-fasrc01/lib64] ==> [/n/helmod/apps/centos7/Core/mpfr/3.1.5-fasrc01/lib64]
  collapse library dir [/n/helmod/apps/centos7/Core/pcre2/10.31-fasrc01/lib] ==> [/n/helmod/apps/centos7/Core/pcre2/10.31-fasrc01/lib]
  collapse library dir [/n/helmod/apps/centos7/Core/gmp/6.1.2-fasrc01/lib64] ==> [/n/helmod/apps/centos7/Core/gmp/6.1.2-fasrc01/lib64]
  collapse library dir [/n/sw/intel-cluster-studio-2017/compilers_and_libraries_2017.4.196/linux/compiler/lib/intel64_lin] ==> [/n/sw/intel-cluster-studio-2017/compilers_and_libraries_2017.4.196/linux/compiler/lib/intel64_lin]
  collapse library dir [/n/helmod/apps/centos7/MPI/intel/17.0.4-fasrc01/impi/2017.2.174-fasrc01/fftw/3.3.7-fasrc04/lib64/../lib64] ==> [/n/helmod/apps/centos7/MPI/intel/17.0.4-fasrc01/impi/2017.2.174-fasrc01/fftw/3.3.7-fasrc04/lib64]
  collapse library dir [/n/helmod/apps/centos7/MPI/intel/17.0.4-fasrc01/impi/2017.2.174-fasrc01/fftw/3.3.7-fasrc04/lib64/../lib64/] ==> [/n/helmod/apps/centos7/MPI/intel/17.0.4-fasrc01/impi/2017.2.174-fasrc01/fftw/3.3.7-fasrc04/lib64]
  collapse library dir [/n/helmod/apps/centos7/Core/mpfr/3.1.5-fasrc01/lib64/../lib64] ==> [/n/helmod/apps/centos7/Core/mpfr/3.1.5-fasrc01/lib64]
  collapse library dir [/n/helmod/apps/centos7/Core/mpfr/3.1.5-fasrc01/lib64/../lib64/] ==> [/n/helmod/apps/centos7/Core/mpfr/3.1.5-fasrc01/lib64]
  collapse library dir [/n/helmod/apps/centos7/Core/gmp/6.1.2-fasrc01/lib64/../lib64] ==> [/n/helmod/apps/centos7/Core/gmp/6.1.2-fasrc01/lib64]
  collapse library dir [/n/helmod/apps/centos7/Core/gmp/6.1.2-fasrc01/lib64/../lib64/] ==> [/n/helmod/apps/centos7/Core/gmp/6.1.2-fasrc01/lib64]
  collapse library dir [/usr/lib/gcc/x86_64-redhat-linux/4.8.5/] ==> [/usr/lib/gcc/x86_64-redhat-linux/4.8.5]
  collapse library dir [/usr/lib/gcc/x86_64-redhat-linux/4.8.5/../../../../lib64] ==> [/usr/lib64]
  collapse library dir [/usr/lib/gcc/x86_64-redhat-linux/4.8.5/../../../../lib64/] ==> [/usr/lib64]
  collapse library dir [/lib/../lib64] ==> [/lib64]
  collapse library dir [/lib/../lib64/] ==> [/lib64]
  collapse library dir [/usr/lib/../lib64] ==> [/usr/lib64]
  collapse library dir [/usr/lib/../lib64/] ==> [/usr/lib64]
  collapse library dir [/n/sw/intel-cluster-studio-2017/mkl/lib/intel64/] ==> [/n/sw/intel-cluster-studio-2017/mkl/lib/intel64]
  collapse library dir [/n/helmod/apps/centos7/MPI/intel/17.0.4-fasrc01/impi/2017.2.174-fasrc01/fftw/3.3.7-fasrc04/lib64] ==> [/n/helmod/apps/centos7/MPI/intel/17.0.4-fasrc01/impi/2017.2.174-fasrc01/fftw/3.3.7-fasrc04/lib64]
  collapse library dir [/n/helmod/apps/centos7/MPI/intel/17.0.4-fasrc01/impi/2017.2.174-fasrc01/fftw/3.3.7-fasrc04/lib64/] ==> [/n/helmod/apps/centos7/MPI/intel/17.0.4-fasrc01/impi/2017.2.174-fasrc01/fftw/3.3.7-fasrc04/lib64]
  collapse library dir [/n/sw/intel-cluster-studio-2017/impi/2017.2.174/intel64/lib/] ==> [/n/sw/intel-cluster-studio-2017/impi/2017.2.174/intel64/lib]
  collapse library dir [/n/sw/intel-cluster-studio-2017/tbb/lib/intel64/] ==> [/n/sw/intel-cluster-studio-2017/tbb/lib/intel64]
  collapse library dir [/n/sw/intel-cluster-studio-2017/compilers_and_libraries_2017.4.196/linux/compiler/lib/intel64/] ==> [/n/sw/intel-cluster-studio-2017/compilers_and_libraries_2017.4.196/linux/compiler/lib/intel64]
  collapse library dir [/n/helmod/apps/centos7/Core/mpfr/3.1.5-fasrc01/lib64] ==> [/n/helmod/apps/centos7/Core/mpfr/3.1.5-fasrc01/lib64]
  collapse library dir [/n/helmod/apps/centos7/Core/mpfr/3.1.5-fasrc01/lib64/] ==> [/n/helmod/apps/centos7/Core/mpfr/3.1.5-fasrc01/lib64]
  collapse library dir [/n/helmod/apps/centos7/Core/pcre2/10.31-fasrc01/lib/] ==> [/n/helmod/apps/centos7/Core/pcre2/10.31-fasrc01/lib]
  collapse library dir [/n/helmod/apps/centos7/Core/gmp/6.1.2-fasrc01/lib64] ==> [/n/helmod/apps/centos7/Core/gmp/6.1.2-fasrc01/lib64]
  collapse library dir [/n/helmod/apps/centos7/Core/gmp/6.1.2-fasrc01/lib64/] ==> [/n/helmod/apps/centos7/Core/gmp/6.1.2-fasrc01/lib64]
  collapse library dir [/usr/lib/gcc/x86_64-redhat-linux/4.8.5/../../../] ==> [/usr/lib]
  collapse library dir [/lib64] ==> [/lib64]
  collapse library dir [/lib/] ==> [/lib]
  collapse library dir [/usr/lib64] ==> [/usr/lib64]
  collapse library dir [/usr/lib] ==> [/usr/lib]
  implicit libs: [imf;svml;irng;stdc++;m;ipgo;decimal;cilkrts;stdc++;irc;svml;c;irc_s;dl;c]
  implicit dirs: [/n/sw/intel-cluster-studio-2017/mkl/lib/intel64;/n/helmod/apps/centos7/MPI/intel/17.0.4-fasrc01/impi/2017.2.174-fasrc01/fftw/3.3.7-fasrc04/lib64;/n/sw/intel-cluster-studio-2017/impi/2017.2.174/intel64/lib;/n/sw/intel-cluster-studio-2017/tbb/lib/intel64;/n/sw/intel-cluster-studio-2017/compilers_and_libraries_2017.4.196/linux/compiler/lib/intel64;/n/helmod/apps/centos7/Core/mpfr/3.1.5-fasrc01/lib64;/n/helmod/apps/centos7/Core/pcre2/10.31-fasrc01/lib;/n/helmod/apps/centos7/Core/gmp/6.1.2-fasrc01/lib64;/n/sw/intel-cluster-studio-2017/compilers_and_libraries_2017.4.196/linux/compiler/lib/intel64_lin;/usr/lib/gcc/x86_64-redhat-linux/4.8.5;/usr/lib64;/lib64;/usr/lib;/lib]
  implicit fwks: []


Determining if the include file iostream exists passed with the following output:
Change Dir: /n/home02/zzhu/leo2d/realspace/CMakeFiles/CMakeTmp

Run Build Command:/usr/bin/gmake "cmTryCompileExec3864761009/fast"
/usr/bin/gmake -f CMakeFiles/cmTryCompileExec3864761009.dir/build.make CMakeFiles/cmTryCompileExec3864761009.dir/build
gmake[1]: Entering directory `/n/home02/zzhu/leo2d/realspace/CMakeFiles/CMakeTmp'
/usr/bin/cmake -E cmake_progress_report /n/home02/zzhu/leo2d/realspace/CMakeFiles/CMakeTmp/CMakeFiles 1
Building CXX object CMakeFiles/cmTryCompileExec3864761009.dir/CheckIncludeFile.cxx.o
/n/sw/intel-cluster-studio-2017/compilers_and_libraries_2017.4.196/linux/bin/intel64/icpc    -std=c++11 -DUSE_MKL -I/n/sw/intel-cluster-studio-2017/mkl/include     -o CMakeFiles/cmTryCompileExec3864761009.dir/CheckIncludeFile.cxx.o -c /n/home02/zzhu/leo2d/realspace/CMakeFiles/CMakeTmp/CheckIncludeFile.cxx
Linking CXX executable cmTryCompileExec3864761009
/usr/bin/cmake -E cmake_link_script CMakeFiles/cmTryCompileExec3864761009.dir/link.txt --verbose=1
/n/sw/intel-cluster-studio-2017/compilers_and_libraries_2017.4.196/linux/bin/intel64/icpc   -std=c++11 -DUSE_MKL -I/n/sw/intel-cluster-studio-2017/mkl/include      CMakeFiles/cmTryCompileExec3864761009.dir/CheckIncludeFile.cxx.o  -o cmTryCompileExec3864761009 -rdynamic 
gmake[1]: Leaving directory `/n/home02/zzhu/leo2d/realspace/CMakeFiles/CMakeTmp'


Determining if the CXX compiler has std namespace passed with the following output:
Change Dir: /n/home02/zzhu/leo2d/realspace/CMakeFiles/CMakeTmp

Run Build Command:/usr/bin/gmake "cmTryCompileExec4134185482/fast"
/usr/bin/gmake -f CMakeFiles/cmTryCompileExec4134185482.dir/build.make CMakeFiles/cmTryCompileExec4134185482.dir/build
gmake[1]: Entering directory `/n/home02/zzhu/leo2d/realspace/CMakeFiles/CMakeTmp'
/usr/bin/cmake -E cmake_progress_report /n/home02/zzhu/leo2d/realspace/CMakeFiles/CMakeTmp/CMakeFiles 1
Building CXX object CMakeFiles/cmTryCompileExec4134185482.dir/TestForSTDNamespace.cxx.o
/n/sw/intel-cluster-studio-2017/compilers_and_libraries_2017.4.196/linux/bin/intel64/icpc    -std=c++11 -DUSE_MKL -I/n/sw/intel-cluster-studio-2017/mkl/include     -o CMakeFiles/cmTryCompileExec4134185482.dir/TestForSTDNamespace.cxx.o -c /usr/share/cmake/Modules/TestForSTDNamespace.cxx
Linking CXX executable cmTryCompileExec4134185482
/usr/bin/cmake -E cmake_link_script CMakeFiles/cmTryCompileExec4134185482.dir/link.txt --verbose=1
/n/sw/intel-cluster-studio-2017/compilers_and_libraries_2017.4.196/linux/bin/intel64/icpc   -std=c++11 -DUSE_MKL -I/n/sw/intel-cluster-studio-2017/mkl/include      CMakeFiles/cmTryCompileExec4134185482.dir/TestForSTDNamespace.cxx.o  -o cmTryCompileExec4134185482 -rdynamic 
gmake[1]: Leaving directory `/n/home02/zzhu/leo2d/realspace/CMakeFiles/CMakeTmp'


Determining if the CXX compiler understands ansi for scopes passed with the following output:
Change Dir: /n/home02/zzhu/leo2d/realspace/CMakeFiles/CMakeTmp

Run Build Command:/usr/bin/gmake "cmTryCompileExec2002268199/fast"
/usr/bin/gmake -f CMakeFiles/cmTryCompileExec2002268199.dir/build.make CMakeFiles/cmTryCompileExec2002268199.dir/build
gmake[1]: Entering directory `/n/home02/zzhu/leo2d/realspace/CMakeFiles/CMakeTmp'
/usr/bin/cmake -E cmake_progress_report /n/home02/zzhu/leo2d/realspace/CMakeFiles/CMakeTmp/CMakeFiles 1
Building CXX object CMakeFiles/cmTryCompileExec2002268199.dir/TestForAnsiForScope.cxx.o
/n/sw/intel-cluster-studio-2017/compilers_and_libraries_2017.4.196/linux/bin/intel64/icpc    -std=c++11 -DUSE_MKL -I/n/sw/intel-cluster-studio-2017/mkl/include     -o CMakeFiles/cmTryCompileExec2002268199.dir/TestForAnsiForScope.cxx.o -c /usr/share/cmake/Modules/TestForAnsiForScope.cxx
Linking CXX executable cmTryCompileExec2002268199
/usr/bin/cmake -E cmake_link_script CMakeFiles/cmTryCompileExec2002268199.dir/link.txt --verbose=1
/n/sw/intel-cluster-studio-2017/compilers_and_libraries_2017.4.196/linux/bin/intel64/icpc   -std=c++11 -DUSE_MKL -I/n/sw/intel-cluster-studio-2017/mkl/include      CMakeFiles/cmTryCompileExec2002268199.dir/TestForAnsiForScope.cxx.o  -o cmTryCompileExec2002268199 -rdynamic 
gmake[1]: Leaving directory `/n/home02/zzhu/leo2d/realspace/CMakeFiles/CMakeTmp'


Determining if the CXX compiler has sstream passed with the following output:
Change Dir: /n/home02/zzhu/leo2d/realspace/CMakeFiles/CMakeTmp

Run Build Command:/usr/bin/gmake "cmTryCompileExec875071104/fast"
/usr/bin/gmake -f CMakeFiles/cmTryCompileExec875071104.dir/build.make CMakeFiles/cmTryCompileExec875071104.dir/build
gmake[1]: Entering directory `/n/home02/zzhu/leo2d/realspace/CMakeFiles/CMakeTmp'
/usr/bin/cmake -E cmake_progress_report /n/home02/zzhu/leo2d/realspace/CMakeFiles/CMakeTmp/CMakeFiles 1
Building CXX object CMakeFiles/cmTryCompileExec875071104.dir/TestForSSTREAM.cxx.o
/n/sw/intel-cluster-studio-2017/compilers_and_libraries_2017.4.196/linux/bin/intel64/icpc    -std=c++11 -DUSE_MKL -I/n/sw/intel-cluster-studio-2017/mkl/include     -o CMakeFiles/cmTryCompileExec875071104.dir/TestForSSTREAM.cxx.o -c /usr/share/cmake/Modules/TestForSSTREAM.cxx
Linking CXX executable cmTryCompileExec875071104
/usr/bin/cmake -E cmake_link_script CMakeFiles/cmTryCompileExec875071104.dir/link.txt --verbose=1
/n/sw/intel-cluster-studio-2017/compilers_and_libraries_2017.4.196/linux/bin/intel64/icpc   -std=c++11 -DUSE_MKL -I/n/sw/intel-cluster-studio-2017/mkl/include      CMakeFiles/cmTryCompileExec875071104.dir/TestForSSTREAM.cxx.o  -o cmTryCompileExec875071104 -rdynamic 
gmake[1]: Leaving directory `/n/home02/zzhu/leo2d/realspace/CMakeFiles/CMakeTmp'


